# JRE version: OpenJDK Runtime Environment (8.0_242-b01) (build 1.8.0_242-release-1644-b01)
# Java VM: OpenJDK 64-Bit Server VM (25.242-b01 mixed mode windows-amd64 compressed oops)
Heap:
 PSYoungGen      total 146944K, used 59263K [0x00000000d5580000, 0x00000000dfc00000, 0x0000000100000000)
  eden space 133120K, 34% used [0x00000000d5580000,0x00000000d81e41a8,0x00000000dd780000)
  from space 13824K, 99% used [0x00000000de880000,0x00000000df5fbcd8,0x00000000df600000)
  to   space 17408K, 0% used [0x00000000dd780000,0x00000000dd780000,0x00000000de880000)
 ParOldGen       total 102912K, used 22923K [0x0000000080000000, 0x0000000086480000, 0x00000000d5580000)
  object space 102912K, 22% used [0x0000000080000000,0x0000000081662fe8,0x0000000086480000)
 Metaspace       used 56694K, capacity 58774K, committed 58928K, reserved 1099776K
  class space    used 7680K, capacity 8134K, committed 8240K, reserved 1048576K
GC Heap History (10 events):
Event: 20.320 GC heap before
{Heap before GC invocations=10 (full 1):
 PSYoungGen      total 87040K, used 86934K [0x00000000d5580000, 0x00000000ddc80000, 0x0000000100000000)
  eden space 79360K, 100% used [0x00000000d5580000,0x00000000da300000,0x00000000da300000)
  from space 7680K, 98% used [0x00000000dd500000,0x00000000ddc65898,0x00000000ddc80000)
  to   space 10240K, 0% used [0x00000000dc880000,0x00000000dc880000,0x00000000dd280000)
 ParOldGen       total 62464K, used 7902K [0x0000000080000000, 0x0000000083d00000, 0x00000000d5580000)
  object space 62464K, 12% used [0x0000000080000000,0x00000000807b7b68,0x0000000083d00000)
 Metaspace       used 32696K, capacity 33586K, committed 33712K, reserved 1079296K
  class space    used 4467K, capacity 4678K, committed 4784K, reserved 1048576K
Event: 20.362 GC heap after
Heap after GC invocations=10 (full 1):
 PSYoungGen      total 103424K, used 9802K [0x00000000d5580000, 0x00000000dd580000, 0x0000000100000000)
  eden space 93184K, 0% used [0x00000000d5580000,0x00000000d5580000,0x00000000db080000)
  from space 10240K, 95% used [0x00000000dc880000,0x00000000dd2128b8,0x00000000dd280000)
  to   space 3072K, 0% used [0x00000000dd280000,0x00000000dd280000,0x00000000dd580000)
 ParOldGen       total 62464K, used 7910K [0x0000000080000000, 0x0000000083d00000, 0x00000000d5580000)
  object space 62464K, 12% used [0x0000000080000000,0x00000000807b9b68,0x0000000083d00000)
 Metaspace       used 32696K, capacity 33586K, committed 33712K, reserved 1079296K
  class space    used 4467K, capacity 4678K, committed 4784K, reserved 1048576K
}
Event: 21.531 GC heap before
{Heap before GC invocations=11 (full 1):
 PSYoungGen      total 103424K, used 49151K [0x00000000d5580000, 0x00000000dd580000, 0x0000000100000000)
  eden space 93184K, 42% used [0x00000000d5580000,0x00000000d7bed638,0x00000000db080000)
  from space 10240K, 95% used [0x00000000dc880000,0x00000000dd2128b8,0x00000000dd280000)
  to   space 3072K, 0% used [0x00000000dd280000,0x00000000dd280000,0x00000000dd580000)
 ParOldGen       total 62464K, used 7910K [0x0000000080000000, 0x0000000083d00000, 0x00000000d5580000)
  object space 62464K, 12% used [0x0000000080000000,0x00000000807b9b68,0x0000000083d00000)
 Metaspace       used 34442K, capacity 35386K, committed 35496K, reserved 1079296K
  class space    used 4721K, capacity 4970K, committed 5040K, reserved 1048576K
Event: 21.561 GC heap after
Heap after GC invocations=11 (full 1):
 PSYoungGen      total 115712K, used 3072K [0x00000000d5580000, 0x00000000dda80000, 0x0000000100000000)
  eden space 112640K, 0% used [0x00000000d5580000,0x00000000d5580000,0x00000000dc380000)
  from space 3072K, 100% used [0x00000000dd280000,0x00000000dd580000,0x00000000dd580000)
  to   space 11776K, 0% used [0x00000000dc380000,0x00000000dc380000,0x00000000dcf00000)
 ParOldGen       total 62464K, used 13639K [0x0000000080000000, 0x0000000083d00000, 0x00000000d5580000)
  object space 62464K, 21% used [0x0000000080000000,0x0000000080d51f90,0x0000000083d00000)
 Metaspace       used 34442K, capacity 35386K, committed 35496K, reserved 1079296K
  class space    used 4721K, capacity 4970K, committed 5040K, reserved 1048576K
}
Event: 21.561 GC heap before
{Heap before GC invocations=12 (full 2):
 PSYoungGen      total 115712K, used 3072K [0x00000000d5580000, 0x00000000dda80000, 0x0000000100000000)
  eden space 112640K, 0% used [0x00000000d5580000,0x00000000d5580000,0x00000000dc380000)
  from space 3072K, 100% used [0x00000000dd280000,0x00000000dd580000,0x00000000dd580000)
  to   space 11776K, 0% used [0x00000000dc380000,0x00000000dc380000,0x00000000dcf00000)
 ParOldGen       total 62464K, used 13639K [0x0000000080000000, 0x0000000083d00000, 0x00000000d5580000)
  object space 62464K, 21% used [0x0000000080000000,0x0000000080d51f90,0x0000000083d00000)
 Metaspace       used 34442K, capacity 35386K, committed 35496K, reserved 1079296K
  class space    used 4721K, capacity 4970K, committed 5040K, reserved 1048576K
Event: 21.726 GC heap after
Heap after GC invocations=12 (full 2):
 PSYoungGen      total 115712K, used 0K [0x00000000d5580000, 0x00000000dda80000, 0x0000000100000000)
  eden space 112640K, 0% used [0x00000000d5580000,0x00000000d5580000,0x00000000dc380000)
  from space 3072K, 0% used [0x00000000dd280000,0x00000000dd280000,0x00000000dd580000)
  to   space 11776K, 0% used [0x00000000dc380000,0x00000000dc380000,0x00000000dcf00000)
 ParOldGen       total 102912K, used 15569K [0x0000000080000000, 0x0000000086480000, 0x00000000d5580000)
  object space 102912K, 15% used [0x0000000080000000,0x0000000080f34730,0x0000000086480000)
 Metaspace       used 34442K, capacity 35386K, committed 35496K, reserved 1079296K
  class space    used 4721K, capacity 4970K, committed 5040K, reserved 1048576K
}
Event: 26.675 GC heap before
{Heap before GC invocations=13 (full 2):
 PSYoungGen      total 115712K, used 112640K [0x00000000d5580000, 0x00000000dda80000, 0x0000000100000000)
  eden space 112640K, 100% used [0x00000000d5580000,0x00000000dc380000,0x00000000dc380000)
  from space 3072K, 0% used [0x00000000dd280000,0x00000000dd280000,0x00000000dd580000)
  to   space 11776K, 0% used [0x00000000dc380000,0x00000000dc380000,0x00000000dcf00000)
 ParOldGen       total 102912K, used 15569K [0x0000000080000000, 0x0000000086480000, 0x00000000d5580000)
  object space 102912K, 15% used [0x0000000080000000,0x0000000080f34730,0x0000000086480000)
 Metaspace       used 44440K, capacity 45992K, committed 46128K, reserved 1089536K
  class space    used 6006K, capacity 6390K, committed 6448K, reserved 1048576K
Event: 26.700 GC heap after
Heap after GC invocations=13 (full 2):
 PSYoungGen      total 124416K, used 11750K [0x00000000d5580000, 0x00000000df600000, 0x0000000100000000)
  eden space 112640K, 0% used [0x00000000d5580000,0x00000000d5580000,0x00000000dc380000)
  from space 11776K, 99% used [0x00000000dc380000,0x00000000dcef9968,0x00000000dcf00000)
  to   space 13824K, 0% used [0x00000000de880000,0x00000000de880000,0x00000000df600000)
 ParOldGen       total 102912K, used 16992K [0x0000000080000000, 0x0000000086480000, 0x00000000d5580000)
  object space 102912K, 16% used [0x0000000080000000,0x0000000081098268,0x0000000086480000)
 Metaspace       used 44440K, capacity 45992K, committed 46128K, reserved 1089536K
  class space    used 6006K, capacity 6390K, committed 6448K, reserved 1048576K
}
Event: 31.564 GC heap before
{Heap before GC invocations=14 (full 2):
 PSYoungGen      total 124416K, used 124390K [0x00000000d5580000, 0x00000000df600000, 0x0000000100000000)
  eden space 112640K, 100% used [0x00000000d5580000,0x00000000dc380000,0x00000000dc380000)
  from space 11776K, 99% used [0x00000000dc380000,0x00000000dcef9968,0x00000000dcf00000)
  to   space 13824K, 0% used [0x00000000de880000,0x00000000de880000,0x00000000df600000)
 ParOldGen       total 102912K, used 16992K [0x0000000080000000, 0x0000000086480000, 0x00000000d5580000)
  object space 102912K, 16% used [0x0000000080000000,0x0000000081098268,0x0000000086480000)
 Metaspace       used 52690K, capacity 54578K, committed 54832K, reserved 1097728K
  class space    used 7022K, capacity 7444K, committed 7472K, reserved 1048576K
Event: 31.610 GC heap after
Heap after GC invocations=14 (full 2):
 PSYoungGen      total 146944K, used 13807K [0x00000000d5580000, 0x00000000dfc00000, 0x0000000100000000)
  eden space 133120K, 0% used [0x00000000d5580000,0x00000000d5580000,0x00000000dd780000)
  from space 13824K, 99% used [0x00000000de880000,0x00000000df5fbcd8,0x00000000df600000)
  to   space 17408K, 0% used [0x00000000dd780000,0x00000000dd780000,0x00000000de880000)
 ParOldGen       total 102912K, used 22923K [0x0000000080000000, 0x0000000086480000, 0x00000000d5580000)
  object space 102912K, 22% used [0x0000000080000000,0x0000000081662fe8,0x0000000086480000)
 Metaspace       used 52690K, capacity 54578K, committed 54832K, reserved 1097728K
  class space    used 7022K, capacity 7444K, committed 7472K, reserved 1048576K
}

