# JRE version: OpenJDK Runtime Environment (8.0_242-b01) (build 1.8.0_242-release-1644-b01)
# Java VM: OpenJDK 64-Bit Server VM (25.242-b01 mixed mode windows-amd64 compressed oops)
Heap:
 PSYoungGen      total 161280K, used 3257K [0x00000000d5580000, 0x00000000dfe00000, 0x0000000100000000)
  eden space 150016K, 2% used [0x00000000d5580000,0x00000000d58ae4f0,0x00000000de800000)
  from space 11264K, 0% used [0x00000000de800000,0x00000000de800000,0x00000000df300000)
  to   space 10240K, 0% used [0x00000000df400000,0x00000000df400000,0x00000000dfe00000)
 ParOldGen       total 85504K, used 35927K [0x0000000080000000, 0x0000000085380000, 0x00000000d5580000)
  object space 85504K, 42% used [0x0000000080000000,0x0000000082315dc0,0x0000000085380000)
 Metaspace       used 56853K, capacity 58962K, committed 59284K, reserved 1103872K
  class space    used 7728K, capacity 8178K, committed 8192K, reserved 1048576K
GC Heap History (10 events):
Event: 17.811 GC heap before
{Heap before GC invocations=11 (full 2):
 PSYoungGen      total 160256K, used 114970K [0x00000000d5580000, 0x00000000dfe00000, 0x0000000100000000)
  eden space 150016K, 70% used [0x00000000d5580000,0x00000000dbce6758,0x00000000de800000)
  from space 10240K, 88% used [0x00000000df400000,0x00000000dfce0320,0x00000000dfe00000)
  to   space 11264K, 0% used [0x00000000de800000,0x00000000de800000,0x00000000df300000)
 ParOldGen       total 41472K, used 6799K [0x0000000080000000, 0x0000000082880000, 0x00000000d5580000)
  object space 41472K, 16% used [0x0000000080000000,0x00000000806a3dd8,0x0000000082880000)
 Metaspace       used 34460K, capacity 35320K, committed 35416K, reserved 1083392K
  class space    used 4701K, capacity 4915K, committed 4992K, reserved 1048576K
Event: 17.851 GC heap after
Heap after GC invocations=11 (full 2):
 PSYoungGen      total 161280K, used 11258K [0x00000000d5580000, 0x00000000dfe00000, 0x0000000100000000)
  eden space 150016K, 0% used [0x00000000d5580000,0x00000000d5580000,0x00000000de800000)
  from space 11264K, 99% used [0x00000000de800000,0x00000000df2febd0,0x00000000df300000)
  to   space 10240K, 0% used [0x00000000df400000,0x00000000df400000,0x00000000dfe00000)
 ParOldGen       total 41472K, used 7718K [0x0000000080000000, 0x0000000082880000, 0x00000000d5580000)
  object space 41472K, 18% used [0x0000000080000000,0x0000000080789be0,0x0000000082880000)
 Metaspace       used 34460K, capacity 35320K, committed 35416K, reserved 1083392K
  class space    used 4701K, capacity 4915K, committed 4992K, reserved 1048576K
}
Event: 17.851 GC heap before
{Heap before GC invocations=12 (full 3):
 PSYoungGen      total 161280K, used 11258K [0x00000000d5580000, 0x00000000dfe00000, 0x0000000100000000)
  eden space 150016K, 0% used [0x00000000d5580000,0x00000000d5580000,0x00000000de800000)
  from space 11264K, 99% used [0x00000000de800000,0x00000000df2febd0,0x00000000df300000)
  to   space 10240K, 0% used [0x00000000df400000,0x00000000df400000,0x00000000dfe00000)
 ParOldGen       total 41472K, used 7718K [0x0000000080000000, 0x0000000082880000, 0x00000000d5580000)
  object space 41472K, 18% used [0x0000000080000000,0x0000000080789be0,0x0000000082880000)
 Metaspace       used 34460K, capacity 35320K, committed 35416K, reserved 1083392K
  class space    used 4701K, capacity 4915K, committed 4992K, reserved 1048576K
Event: 18.050 GC heap after
Heap after GC invocations=12 (full 3):
 PSYoungGen      total 161280K, used 0K [0x00000000d5580000, 0x00000000dfe00000, 0x0000000100000000)
  eden space 150016K, 0% used [0x00000000d5580000,0x00000000d5580000,0x00000000de800000)
  from space 11264K, 0% used [0x00000000de800000,0x00000000de800000,0x00000000df300000)
  to   space 10240K, 0% used [0x00000000df400000,0x00000000df400000,0x00000000dfe00000)
 ParOldGen       total 56320K, used 18356K [0x0000000080000000, 0x0000000083700000, 0x00000000d5580000)
  object space 56320K, 32% used [0x0000000080000000,0x00000000811ed3b8,0x0000000083700000)
 Metaspace       used 34460K, capacity 35320K, committed 35416K, reserved 1083392K
  class space    used 4701K, capacity 4915K, committed 4992K, reserved 1048576K
}
Event: 32.689 GC heap before
{Heap before GC invocations=13 (full 3):
 PSYoungGen      total 161280K, used 150016K [0x00000000d5580000, 0x00000000dfe00000, 0x0000000100000000)
  eden space 150016K, 100% used [0x00000000d5580000,0x00000000de800000,0x00000000de800000)
  from space 11264K, 0% used [0x00000000de800000,0x00000000de800000,0x00000000df300000)
  to   space 10240K, 0% used [0x00000000df400000,0x00000000df400000,0x00000000dfe00000)
 ParOldGen       total 56320K, used 18356K [0x0000000080000000, 0x0000000083700000, 0x00000000d5580000)
  object space 56320K, 32% used [0x0000000080000000,0x00000000811ed3b8,0x0000000083700000)
 Metaspace       used 46712K, capacity 48254K, committed 48384K, reserved 1095680K
  class space    used 6271K, capacity 6625K, committed 6656K, reserved 1048576K
Event: 32.733 GC heap after
Heap after GC invocations=13 (full 3):
 PSYoungGen      total 160256K, used 10223K [0x00000000d5580000, 0x00000000dfe00000, 0x0000000100000000)
  eden space 150016K, 0% used [0x00000000d5580000,0x00000000d5580000,0x00000000de800000)
  from space 10240K, 99% used [0x00000000df400000,0x00000000dfdfbc50,0x00000000dfe00000)
  to   space 11264K, 0% used [0x00000000de800000,0x00000000de800000,0x00000000df300000)
 ParOldGen       total 56320K, used 26632K [0x0000000080000000, 0x0000000083700000, 0x00000000d5580000)
  object space 56320K, 47% used [0x0000000080000000,0x0000000081a02170,0x0000000083700000)
 Metaspace       used 46712K, capacity 48254K, committed 48384K, reserved 1095680K
  class space    used 6271K, capacity 6625K, committed 6656K, reserved 1048576K
}
Event: 57.725 GC heap before
{Heap before GC invocations=14 (full 3):
 PSYoungGen      total 160256K, used 128915K [0x00000000d5580000, 0x00000000dfe00000, 0x0000000100000000)
  eden space 150016K, 79% used [0x00000000d5580000,0x00000000dc968fd0,0x00000000de800000)
  from space 10240K, 99% used [0x00000000df400000,0x00000000dfdfbc50,0x00000000dfe00000)
  to   space 11264K, 0% used [0x00000000de800000,0x00000000de800000,0x00000000df300000)
 ParOldGen       total 56320K, used 26632K [0x0000000080000000, 0x0000000083700000, 0x00000000d5580000)
  object space 56320K, 47% used [0x0000000080000000,0x0000000081a02170,0x0000000083700000)
 Metaspace       used 56865K, capacity 58976K, committed 59028K, reserved 1103872K
  class space    used 7735K, capacity 8191K, committed 8192K, reserved 1048576K
Event: 57.775 GC heap after
Heap after GC invocations=14 (full 3):
 PSYoungGen      total 161280K, used 11258K [0x00000000d5580000, 0x00000000dfe00000, 0x0000000100000000)
  eden space 150016K, 0% used [0x00000000d5580000,0x00000000d5580000,0x00000000de800000)
  from space 11264K, 99% used [0x00000000de800000,0x00000000df2fe8f0,0x00000000df300000)
  to   space 10240K, 0% used [0x00000000df400000,0x00000000df400000,0x00000000dfe00000)
 ParOldGen       total 56320K, used 38596K [0x0000000080000000, 0x0000000083700000, 0x00000000d5580000)
  object space 56320K, 68% used [0x0000000080000000,0x00000000825b13d8,0x0000000083700000)
 Metaspace       used 56865K, capacity 58976K, committed 59028K, reserved 1103872K
  class space    used 7735K, capacity 8191K, committed 8192K, reserved 1048576K
}
Event: 57.775 GC heap before
{Heap before GC invocations=15 (full 4):
 PSYoungGen      total 161280K, used 11258K [0x00000000d5580000, 0x00000000dfe00000, 0x0000000100000000)
  eden space 150016K, 0% used [0x00000000d5580000,0x00000000d5580000,0x00000000de800000)
  from space 11264K, 99% used [0x00000000de800000,0x00000000df2fe8f0,0x00000000df300000)
  to   space 10240K, 0% used [0x00000000df400000,0x00000000df400000,0x00000000dfe00000)
 ParOldGen       total 56320K, used 38596K [0x0000000080000000, 0x0000000083700000, 0x00000000d5580000)
  object space 56320K, 68% used [0x0000000080000000,0x00000000825b13d8,0x0000000083700000)
 Metaspace       used 56865K, capacity 58976K, committed 59028K, reserved 1103872K
  class space    used 7735K, capacity 8191K, committed 8192K, reserved 1048576K
Event: 58.027 GC heap after
Heap after GC invocations=15 (full 4):
 PSYoungGen      total 161280K, used 0K [0x00000000d5580000, 0x00000000dfe00000, 0x0000000100000000)
  eden space 150016K, 0% used [0x00000000d5580000,0x00000000d5580000,0x00000000de800000)
  from space 11264K, 0% used [0x00000000de800000,0x00000000de800000,0x00000000df300000)
  to   space 10240K, 0% used [0x00000000df400000,0x00000000df400000,0x00000000dfe00000)
 ParOldGen       total 85504K, used 35927K [0x0000000080000000, 0x0000000085380000, 0x00000000d5580000)
  object space 85504K, 42% used [0x0000000080000000,0x0000000082315dc0,0x0000000085380000)
 Metaspace       used 56841K, capacity 58898K, committed 59028K, reserved 1103872K
  class space    used 7728K, capacity 8178K, committed 8192K, reserved 1048576K
}

