# JRE version: OpenJDK Runtime Environment (8.0_242-b01) (build 1.8.0_242-release-1644-b01)
# Java VM: OpenJDK 64-Bit Server VM (25.242-b01 mixed mode windows-amd64 compressed oops)
Heap:
 PSYoungGen      total 527872K, used 242371K [0x00000000d5580000, 0x00000000fb200000, 0x0000000100000000)
  eden space 499200K, 48% used [0x00000000d5580000,0x00000000e4230f18,0x00000000f3d00000)
  from space 28672K, 0% used [0x00000000f4480000,0x00000000f4480000,0x00000000f6080000)
  to   space 59904K, 0% used [0x00000000f7780000,0x00000000f7780000,0x00000000fb200000)
 ParOldGen       total 187904K, used 54864K [0x0000000080000000, 0x000000008b780000, 0x00000000d5580000)
  object space 187904K, 29% used [0x0000000080000000,0x0000000083594048,0x000000008b780000)
 Metaspace       used 114224K, capacity 122450K, committed 126104K, reserved 1159168K
  class space    used 14745K, capacity 16090K, committed 16808K, reserved 1048576K
GC Heap History (10 events):
Event: 1446.191 GC heap before
{Heap before GC invocations=22 (full 4):
 PSYoungGen      total 610816K, used 610415K [0x00000000d5580000, 0x00000000ff200000, 0x0000000100000000)
  eden space 565760K, 100% used [0x00000000d5580000,0x00000000f7e00000,0x00000000f7e00000)
  from space 45056K, 99% used [0x00000000f9600000,0x00000000fc19be40,0x00000000fc200000)
  to   space 49152K, 0% used [0x00000000fc200000,0x00000000fc200000,0x00000000ff200000)
 ParOldGen       total 187904K, used 93196K [0x0000000080000000, 0x000000008b780000, 0x00000000d5580000)
  object space 187904K, 49% used [0x0000000080000000,0x0000000085b03250,0x000000008b780000)
 Metaspace       used 114529K, capacity 121180K, committed 121368K, reserved 1155072K
  class space    used 14809K, capacity 16058K, committed 16168K, reserved 1048576K
Event: 1446.259 GC heap after
Heap after GC invocations=22 (full 4):
 PSYoungGen      total 575488K, used 33224K [0x00000000d5580000, 0x00000000fe280000, 0x0000000100000000)
  eden space 542208K, 0% used [0x00000000d5580000,0x00000000d5580000,0x00000000f6700000)
  from space 33280K, 99% used [0x00000000fc200000,0x00000000fe2722e8,0x00000000fe280000)
  to   space 58880K, 0% used [0x00000000f6f80000,0x00000000f6f80000,0x00000000fa900000)
 ParOldGen       total 187904K, used 93204K [0x0000000080000000, 0x000000008b780000, 0x00000000d5580000)
  object space 187904K, 49% used [0x0000000080000000,0x0000000085b05250,0x000000008b780000)
 Metaspace       used 114529K, capacity 121180K, committed 121368K, reserved 1155072K
  class space    used 14809K, capacity 16058K, committed 16168K, reserved 1048576K
}
Event: 2087.667 GC heap before
{Heap before GC invocations=23 (full 4):
 PSYoungGen      total 575488K, used 575432K [0x00000000d5580000, 0x00000000fe280000, 0x0000000100000000)
  eden space 542208K, 100% used [0x00000000d5580000,0x00000000f6700000,0x00000000f6700000)
  from space 33280K, 99% used [0x00000000fc200000,0x00000000fe2722e8,0x00000000fe280000)
  to   space 58880K, 0% used [0x00000000f6f80000,0x00000000f6f80000,0x00000000fa900000)
 ParOldGen       total 187904K, used 93204K [0x0000000080000000, 0x000000008b780000, 0x00000000d5580000)
  object space 187904K, 49% used [0x0000000080000000,0x0000000085b05250,0x000000008b780000)
 Metaspace       used 115423K, capacity 122828K, committed 123032K, reserved 1157120K
  class space    used 14922K, capacity 16266K, committed 16296K, reserved 1048576K
Event: 2087.933 GC heap after
Heap after GC invocations=23 (full 4):
 PSYoungGen      total 560640K, used 40142K [0x00000000d5580000, 0x00000000fc880000, 0x0000000100000000)
  eden space 520192K, 0% used [0x00000000d5580000,0x00000000d5580000,0x00000000f5180000)
  from space 40448K, 99% used [0x00000000f6f80000,0x00000000f96b3ac0,0x00000000f9700000)
  to   space 50688K, 0% used [0x00000000f9700000,0x00000000f9700000,0x00000000fc880000)
 ParOldGen       total 187904K, used 93212K [0x0000000080000000, 0x000000008b780000, 0x00000000d5580000)
  object space 187904K, 49% used [0x0000000080000000,0x0000000085b07250,0x000000008b780000)
 Metaspace       used 115423K, capacity 122828K, committed 123032K, reserved 1157120K
  class space    used 14922K, capacity 16266K, committed 16296K, reserved 1048576K
}
Event: 2516.682 GC heap before
{Heap before GC invocations=24 (full 4):
 PSYoungGen      total 560640K, used 560249K [0x00000000d5580000, 0x00000000fc880000, 0x0000000100000000)
  eden space 520192K, 99% used [0x00000000d5580000,0x00000000f516a9c0,0x00000000f5180000)
  from space 40448K, 99% used [0x00000000f6f80000,0x00000000f96b3ac0,0x00000000f9700000)
  to   space 50688K, 0% used [0x00000000f9700000,0x00000000f9700000,0x00000000fc880000)
 ParOldGen       total 187904K, used 93212K [0x0000000080000000, 0x000000008b780000, 0x00000000d5580000)
  object space 187904K, 49% used [0x0000000080000000,0x0000000085b07250,0x000000008b780000)
 Metaspace       used 115784K, capacity 123472K, committed 123672K, reserved 1157120K
  class space    used 14963K, capacity 16340K, committed 16424K, reserved 1048576K
Event: 2516.970 GC heap after
Heap after GC invocations=24 (full 4):
 PSYoungGen      total 541696K, used 42024K [0x00000000d5580000, 0x00000000fc080000, 0x0000000100000000)
  eden space 499200K, 0% used [0x00000000d5580000,0x00000000d5580000,0x00000000f3d00000)
  from space 42496K, 98% used [0x00000000f9700000,0x00000000fc00a108,0x00000000fc080000)
  to   space 63488K, 0% used [0x00000000f4480000,0x00000000f4480000,0x00000000f8280000)
 ParOldGen       total 187904K, used 93220K [0x0000000080000000, 0x000000008b780000, 0x00000000d5580000)
  object space 187904K, 49% used [0x0000000080000000,0x0000000085b09250,0x000000008b780000)
 Metaspace       used 115784K, capacity 123472K, committed 123672K, reserved 1157120K
  class space    used 14963K, capacity 16340K, committed 16424K, reserved 1048576K
}
Event: 3662.475 GC heap before
{Heap before GC invocations=25 (full 4):
 PSYoungGen      total 541696K, used 459722K [0x00000000d5580000, 0x00000000fc080000, 0x0000000100000000)
  eden space 499200K, 83% used [0x00000000d5580000,0x00000000eed688a0,0x00000000f3d00000)
  from space 42496K, 98% used [0x00000000f9700000,0x00000000fc00a108,0x00000000fc080000)
  to   space 63488K, 0% used [0x00000000f4480000,0x00000000f4480000,0x00000000f8280000)
 ParOldGen       total 187904K, used 93220K [0x0000000080000000, 0x000000008b780000, 0x00000000d5580000)
  object space 187904K, 49% used [0x0000000080000000,0x0000000085b09250,0x000000008b780000)
 Metaspace       used 116920K, capacity 125780K, committed 126104K, reserved 1159168K
  class space    used 15162K, capacity 16682K, committed 16808K, reserved 1048576K
Event: 3662.591 GC heap after
Heap after GC invocations=25 (full 4):
 PSYoungGen      total 527872K, used 28310K [0x00000000d5580000, 0x00000000fb200000, 0x0000000100000000)
  eden space 499200K, 0% used [0x00000000d5580000,0x00000000d5580000,0x00000000f3d00000)
  from space 28672K, 98% used [0x00000000f4480000,0x00000000f6025af0,0x00000000f6080000)
  to   space 59904K, 0% used [0x00000000f7780000,0x00000000f7780000,0x00000000fb200000)
 ParOldGen       total 187904K, used 93220K [0x0000000080000000, 0x000000008b780000, 0x00000000d5580000)
  object space 187904K, 49% used [0x0000000080000000,0x0000000085b09250,0x000000008b780000)
 Metaspace       used 116920K, capacity 125780K, committed 126104K, reserved 1159168K
  class space    used 15162K, capacity 16682K, committed 16808K, reserved 1048576K
}
Event: 3662.591 GC heap before
{Heap before GC invocations=26 (full 5):
 PSYoungGen      total 527872K, used 28310K [0x00000000d5580000, 0x00000000fb200000, 0x0000000100000000)
  eden space 499200K, 0% used [0x00000000d5580000,0x00000000d5580000,0x00000000f3d00000)
  from space 28672K, 98% used [0x00000000f4480000,0x00000000f6025af0,0x00000000f6080000)
  to   space 59904K, 0% used [0x00000000f7780000,0x00000000f7780000,0x00000000fb200000)
 ParOldGen       total 187904K, used 93220K [0x0000000080000000, 0x000000008b780000, 0x00000000d5580000)
  object space 187904K, 49% used [0x0000000080000000,0x0000000085b09250,0x000000008b780000)
 Metaspace       used 116920K, capacity 125780K, committed 126104K, reserved 1159168K
  class space    used 15162K, capacity 16682K, committed 16808K, reserved 1048576K
Event: 3665.068 GC heap after
Heap after GC invocations=26 (full 5):
 PSYoungGen      total 527872K, used 0K [0x00000000d5580000, 0x00000000fb200000, 0x0000000100000000)
  eden space 499200K, 0% used [0x00000000d5580000,0x00000000d5580000,0x00000000f3d00000)
  from space 28672K, 0% used [0x00000000f4480000,0x00000000f4480000,0x00000000f6080000)
  to   space 59904K, 0% used [0x00000000f7780000,0x00000000f7780000,0x00000000fb200000)
 ParOldGen       total 187904K, used 54864K [0x0000000080000000, 0x000000008b780000, 0x00000000d5580000)
  object space 187904K, 29% used [0x0000000080000000,0x0000000083594048,0x000000008b780000)
 Metaspace       used 113837K, capacity 121752K, committed 126104K, reserved 1159168K
  class space    used 14705K, capacity 16017K, committed 16808K, reserved 1048576K
}

