# JRE version: OpenJDK Runtime Environment (8.0_242-b01) (build 1.8.0_242-release-1644-b01)
# Java VM: OpenJDK 64-Bit Server VM (25.242-b01 mixed mode windows-amd64 compressed oops)
Heap:
 PSYoungGen      total 35840K, used 13948K [0x00000000d5580000, 0x00000000d7d80000, 0x0000000100000000)
  eden space 30720K, 28% used [0x00000000d5580000,0x00000000d5e27348,0x00000000d7380000)
  from space 5120K, 99% used [0x00000000d7880000,0x00000000d7d78040,0x00000000d7d80000)
  to   space 5120K, 0% used [0x00000000d7380000,0x00000000d7380000,0x00000000d7880000)
 ParOldGen       total 81920K, used 1909K [0x0000000080000000, 0x0000000085000000, 0x00000000d5580000)
  object space 81920K, 2% used [0x0000000080000000,0x00000000801dd668,0x0000000085000000)
 Metaspace       used 15004K, capacity 15492K, committed 15744K, reserved 1062912K
  class space    used 1981K, capacity 2128K, committed 2176K, reserved 1048576K
GC Heap History (8 events):
Event: 5.535 GC heap before
{Heap before GC invocations=1 (full 0):
 PSYoungGen      total 35840K, used 30720K [0x00000000d5580000, 0x00000000d7d80000, 0x0000000100000000)
  eden space 30720K, 100% used [0x00000000d5580000,0x00000000d7380000,0x00000000d7380000)
  from space 5120K, 0% used [0x00000000d7880000,0x00000000d7880000,0x00000000d7d80000)
  to   space 5120K, 0% used [0x00000000d7380000,0x00000000d7380000,0x00000000d7880000)
 ParOldGen       total 81920K, used 0K [0x0000000080000000, 0x0000000085000000, 0x00000000d5580000)
  object space 81920K, 0% used [0x0000000080000000,0x0000000080000000,0x0000000085000000)
 Metaspace       used 7506K, capacity 7772K, committed 8064K, reserved 1056768K
  class space    used 924K, capacity 1036K, committed 1152K, reserved 1048576K
Event: 5.566 GC heap after
Heap after GC invocations=1 (full 0):
 PSYoungGen      total 35840K, used 4440K [0x00000000d5580000, 0x00000000d7d80000, 0x0000000100000000)
  eden space 30720K, 0% used [0x00000000d5580000,0x00000000d5580000,0x00000000d7380000)
  from space 5120K, 86% used [0x00000000d7380000,0x00000000d77d62c8,0x00000000d7880000)
  to   space 5120K, 0% used [0x00000000d7880000,0x00000000d7880000,0x00000000d7d80000)
 ParOldGen       total 81920K, used 16K [0x0000000080000000, 0x0000000085000000, 0x00000000d5580000)
  object space 81920K, 0% used [0x0000000080000000,0x0000000080004000,0x0000000085000000)
 Metaspace       used 7506K, capacity 7772K, committed 8064K, reserved 1056768K
  class space    used 924K, capacity 1036K, committed 1152K, reserved 1048576K
}
Event: 7.750 GC heap before
{Heap before GC invocations=2 (full 0):
 PSYoungGen      total 35840K, used 35160K [0x00000000d5580000, 0x00000000d7d80000, 0x0000000100000000)
  eden space 30720K, 100% used [0x00000000d5580000,0x00000000d7380000,0x00000000d7380000)
  from space 5120K, 86% used [0x00000000d7380000,0x00000000d77d62c8,0x00000000d7880000)
  to   space 5120K, 0% used [0x00000000d7880000,0x00000000d7880000,0x00000000d7d80000)
 ParOldGen       total 81920K, used 16K [0x0000000080000000, 0x0000000085000000, 0x00000000d5580000)
  object space 81920K, 0% used [0x0000000080000000,0x0000000080004000,0x0000000085000000)
 Metaspace       used 7692K, capacity 7964K, committed 8320K, reserved 1056768K
  class space    used 933K, capacity 1036K, committed 1152K, reserved 1048576K
Event: 7.761 GC heap after
Heap after GC invocations=2 (full 0):
 PSYoungGen      total 35840K, used 3133K [0x00000000d5580000, 0x00000000d7d80000, 0x0000000100000000)
  eden space 30720K, 0% used [0x00000000d5580000,0x00000000d5580000,0x00000000d7380000)
  from space 5120K, 61% used [0x00000000d7880000,0x00000000d7b8f780,0x00000000d7d80000)
  to   space 5120K, 0% used [0x00000000d7380000,0x00000000d7380000,0x00000000d7880000)
 ParOldGen       total 81920K, used 24K [0x0000000080000000, 0x0000000085000000, 0x00000000d5580000)
  object space 81920K, 0% used [0x0000000080000000,0x0000000080006000,0x0000000085000000)
 Metaspace       used 7692K, capacity 7964K, committed 8320K, reserved 1056768K
  class space    used 933K, capacity 1036K, committed 1152K, reserved 1048576K
}
Event: 14.477 GC heap before
{Heap before GC invocations=3 (full 0):
 PSYoungGen      total 35840K, used 33853K [0x00000000d5580000, 0x00000000d7d80000, 0x0000000100000000)
  eden space 30720K, 100% used [0x00000000d5580000,0x00000000d7380000,0x00000000d7380000)
  from space 5120K, 61% used [0x00000000d7880000,0x00000000d7b8f780,0x00000000d7d80000)
  to   space 5120K, 0% used [0x00000000d7380000,0x00000000d7380000,0x00000000d7880000)
 ParOldGen       total 81920K, used 24K [0x0000000080000000, 0x0000000085000000, 0x00000000d5580000)
  object space 81920K, 0% used [0x0000000080000000,0x0000000080006000,0x0000000085000000)
 Metaspace       used 9897K, capacity 10204K, committed 10496K, reserved 1058816K
  class space    used 1319K, capacity 1444K, committed 1536K, reserved 1048576K
Event: 14.491 GC heap after
Heap after GC invocations=3 (full 0):
 PSYoungGen      total 35840K, used 5088K [0x00000000d5580000, 0x00000000d7d80000, 0x0000000100000000)
  eden space 30720K, 0% used [0x00000000d5580000,0x00000000d5580000,0x00000000d7380000)
  from space 5120K, 99% used [0x00000000d7380000,0x00000000d7878020,0x00000000d7880000)
  to   space 5120K, 0% used [0x00000000d7880000,0x00000000d7880000,0x00000000d7d80000)
 ParOldGen       total 81920K, used 48K [0x0000000080000000, 0x0000000085000000, 0x00000000d5580000)
  object space 81920K, 0% used [0x0000000080000000,0x000000008000c000,0x0000000085000000)
 Metaspace       used 9897K, capacity 10204K, committed 10496K, reserved 1058816K
  class space    used 1319K, capacity 1444K, committed 1536K, reserved 1048576K
}
Event: 24.188 GC heap before
{Heap before GC invocations=4 (full 0):
 PSYoungGen      total 35840K, used 35808K [0x00000000d5580000, 0x00000000d7d80000, 0x0000000100000000)
  eden space 30720K, 100% used [0x00000000d5580000,0x00000000d7380000,0x00000000d7380000)
  from space 5120K, 99% used [0x00000000d7380000,0x00000000d7878020,0x00000000d7880000)
  to   space 5120K, 0% used [0x00000000d7880000,0x00000000d7880000,0x00000000d7d80000)
 ParOldGen       total 81920K, used 48K [0x0000000080000000, 0x0000000085000000, 0x00000000d5580000)
  object space 81920K, 0% used [0x0000000080000000,0x000000008000c000,0x0000000085000000)
 Metaspace       used 13733K, capacity 14146K, committed 14336K, reserved 1060864K
  class space    used 1879K, capacity 2021K, committed 2048K, reserved 1048576K
Event: 24.234 GC heap after
Heap after GC invocations=4 (full 0):
 PSYoungGen      total 35840K, used 5088K [0x00000000d5580000, 0x00000000d7d80000, 0x0000000100000000)
  eden space 30720K, 0% used [0x00000000d5580000,0x00000000d5580000,0x00000000d7380000)
  from space 5120K, 99% used [0x00000000d7880000,0x00000000d7d78040,0x00000000d7d80000)
  to   space 5120K, 0% used [0x00000000d7380000,0x00000000d7380000,0x00000000d7880000)
 ParOldGen       total 81920K, used 1909K [0x0000000080000000, 0x0000000085000000, 0x00000000d5580000)
  object space 81920K, 2% used [0x0000000080000000,0x00000000801dd668,0x0000000085000000)
 Metaspace       used 13733K, capacity 14146K, committed 14336K, reserved 1060864K
  class space    used 1879K, capacity 2021K, committed 2048K, reserved 1048576K
}

