# JRE version: OpenJDK Runtime Environment (8.0_242-b01) (build 1.8.0_242-release-1644-b01)
# Java VM: OpenJDK 64-Bit Server VM (25.242-b01 mixed mode windows-amd64 compressed oops)
Heap:
 PSYoungGen      total 295936K, used 22451K [0x00000000d5580000, 0x00000000e9280000, 0x0000000100000000)
  eden space 275456K, 8% used [0x00000000d5580000,0x00000000d6b6cf18,0x00000000e6280000)
  from space 20480K, 0% used [0x00000000e7980000,0x00000000e7980000,0x00000000e8d80000)
  to   space 23552K, 0% used [0x00000000e6280000,0x00000000e6280000,0x00000000e7980000)
 ParOldGen       total 116224K, used 33139K [0x0000000080000000, 0x0000000087180000, 0x00000000d5580000)
  object space 116224K, 28% used [0x0000000080000000,0x000000008205cc80,0x0000000087180000)
 Metaspace       used 57854K, capacity 59872K, committed 60056K, reserved 1101824K
  class space    used 7869K, capacity 8353K, committed 8368K, reserved 1048576K
GC Heap History (10 events):
Event: 19.996 GC heap before
{Heap before GC invocations=9 (full 1):
 PSYoungGen      total 134144K, used 70140K [0x00000000d5580000, 0x00000000e4380000, 0x0000000100000000)
  eden space 122880K, 47% used [0x00000000d5580000,0x00000000d8f04360,0x00000000dcd80000)
  from space 11264K, 99% used [0x00000000dcd80000,0x00000000dd87af68,0x00000000dd880000)
  to   space 13824K, 0% used [0x00000000e3600000,0x00000000e3600000,0x00000000e4380000)
 ParOldGen       total 51712K, used 9899K [0x0000000080000000, 0x0000000083280000, 0x00000000d5580000)
  object space 51712K, 19% used [0x0000000080000000,0x00000000809aad80,0x0000000083280000)
 Metaspace       used 34481K, capacity 35386K, committed 35496K, reserved 1079296K
  class space    used 4725K, capacity 4970K, committed 5040K, reserved 1048576K
Event: 20.018 GC heap after
Heap after GC invocations=9 (full 1):
 PSYoungGen      total 224768K, used 9567K [0x00000000d5580000, 0x00000000e4180000, 0x0000000100000000)
  eden space 212992K, 0% used [0x00000000d5580000,0x00000000d5580000,0x00000000e2580000)
  from space 11776K, 81% used [0x00000000e3600000,0x00000000e3f57dd0,0x00000000e4180000)
  to   space 14336K, 0% used [0x00000000e2580000,0x00000000e2580000,0x00000000e3380000)
 ParOldGen       total 51712K, used 9907K [0x0000000080000000, 0x0000000083280000, 0x00000000d5580000)
  object space 51712K, 19% used [0x0000000080000000,0x00000000809acd80,0x0000000083280000)
 Metaspace       used 34481K, capacity 35386K, committed 35496K, reserved 1079296K
  class space    used 4725K, capacity 4970K, committed 5040K, reserved 1048576K
}
Event: 20.018 GC heap before
{Heap before GC invocations=10 (full 2):
 PSYoungGen      total 224768K, used 9567K [0x00000000d5580000, 0x00000000e4180000, 0x0000000100000000)
  eden space 212992K, 0% used [0x00000000d5580000,0x00000000d5580000,0x00000000e2580000)
  from space 11776K, 81% used [0x00000000e3600000,0x00000000e3f57dd0,0x00000000e4180000)
  to   space 14336K, 0% used [0x00000000e2580000,0x00000000e2580000,0x00000000e3380000)
 ParOldGen       total 51712K, used 9907K [0x0000000080000000, 0x0000000083280000, 0x00000000d5580000)
  object space 51712K, 19% used [0x0000000080000000,0x00000000809acd80,0x0000000083280000)
 Metaspace       used 34481K, capacity 35386K, committed 35496K, reserved 1079296K
  class space    used 4725K, capacity 4970K, committed 5040K, reserved 1048576K
Event: 20.184 GC heap after
Heap after GC invocations=10 (full 2):
 PSYoungGen      total 224768K, used 0K [0x00000000d5580000, 0x00000000e4180000, 0x0000000100000000)
  eden space 212992K, 0% used [0x00000000d5580000,0x00000000d5580000,0x00000000e2580000)
  from space 11776K, 0% used [0x00000000e3600000,0x00000000e3600000,0x00000000e4180000)
  to   space 14336K, 0% used [0x00000000e2580000,0x00000000e2580000,0x00000000e3380000)
 ParOldGen       total 77312K, used 16096K [0x0000000080000000, 0x0000000084b80000, 0x00000000d5580000)
  object space 77312K, 20% used [0x0000000080000000,0x0000000080fb8388,0x0000000084b80000)
 Metaspace       used 34481K, capacity 35386K, committed 35496K, reserved 1079296K
  class space    used 4725K, capacity 4970K, committed 5040K, reserved 1048576K
}
Event: 32.450 GC heap before
{Heap before GC invocations=11 (full 2):
 PSYoungGen      total 224768K, used 212992K [0x00000000d5580000, 0x00000000e4180000, 0x0000000100000000)
  eden space 212992K, 100% used [0x00000000d5580000,0x00000000e2580000,0x00000000e2580000)
  from space 11776K, 0% used [0x00000000e3600000,0x00000000e3600000,0x00000000e4180000)
  to   space 14336K, 0% used [0x00000000e2580000,0x00000000e2580000,0x00000000e3380000)
 ParOldGen       total 77312K, used 16096K [0x0000000080000000, 0x0000000084b80000, 0x00000000d5580000)
  object space 77312K, 20% used [0x0000000080000000,0x0000000080fb8388,0x0000000084b80000)
 Metaspace       used 51555K, capacity 53252K, committed 53416K, reserved 1095680K
  class space    used 6851K, capacity 7225K, committed 7344K, reserved 1048576K
Event: 32.559 GC heap after
Heap after GC invocations=11 (full 2):
 PSYoungGen      total 227328K, used 14331K [0x00000000d5580000, 0x00000000e8d80000, 0x0000000100000000)
  eden space 212992K, 0% used [0x00000000d5580000,0x00000000d5580000,0x00000000e2580000)
  from space 14336K, 99% used [0x00000000e2580000,0x00000000e337ec68,0x00000000e3380000)
  to   space 20480K, 0% used [0x00000000e7980000,0x00000000e7980000,0x00000000e8d80000)
 ParOldGen       total 77312K, used 27048K [0x0000000080000000, 0x0000000084b80000, 0x00000000d5580000)
  object space 77312K, 34% used [0x0000000080000000,0x0000000081a6a3e0,0x0000000084b80000)
 Metaspace       used 51555K, capacity 53252K, committed 53416K, reserved 1095680K
  class space    used 6851K, capacity 7225K, committed 7344K, reserved 1048576K
}
Event: 36.917 GC heap before
{Heap before GC invocations=12 (full 2):
 PSYoungGen      total 227328K, used 77604K [0x00000000d5580000, 0x00000000e8d80000, 0x0000000100000000)
  eden space 212992K, 29% used [0x00000000d5580000,0x00000000d934a778,0x00000000e2580000)
  from space 14336K, 99% used [0x00000000e2580000,0x00000000e337ec68,0x00000000e3380000)
  to   space 20480K, 0% used [0x00000000e7980000,0x00000000e7980000,0x00000000e8d80000)
 ParOldGen       total 77312K, used 27048K [0x0000000080000000, 0x0000000084b80000, 0x00000000d5580000)
  object space 77312K, 34% used [0x0000000080000000,0x0000000081a6a3e0,0x0000000084b80000)
 Metaspace       used 57019K, capacity 59128K, committed 59160K, reserved 1099776K
  class space    used 7720K, capacity 8229K, committed 8240K, reserved 1048576K
Event: 36.971 GC heap after
Heap after GC invocations=12 (full 2):
 PSYoungGen      total 295936K, used 20453K [0x00000000d5580000, 0x00000000e9280000, 0x0000000100000000)
  eden space 275456K, 0% used [0x00000000d5580000,0x00000000d5580000,0x00000000e6280000)
  from space 20480K, 99% used [0x00000000e7980000,0x00000000e8d79498,0x00000000e8d80000)
  to   space 23552K, 0% used [0x00000000e6280000,0x00000000e6280000,0x00000000e7980000)
 ParOldGen       total 77312K, used 27379K [0x0000000080000000, 0x0000000084b80000, 0x00000000d5580000)
  object space 77312K, 35% used [0x0000000080000000,0x0000000081abcec0,0x0000000084b80000)
 Metaspace       used 57019K, capacity 59128K, committed 59160K, reserved 1099776K
  class space    used 7720K, capacity 8229K, committed 8240K, reserved 1048576K
}
Event: 36.971 GC heap before
{Heap before GC invocations=13 (full 3):
 PSYoungGen      total 295936K, used 20453K [0x00000000d5580000, 0x00000000e9280000, 0x0000000100000000)
  eden space 275456K, 0% used [0x00000000d5580000,0x00000000d5580000,0x00000000e6280000)
  from space 20480K, 99% used [0x00000000e7980000,0x00000000e8d79498,0x00000000e8d80000)
  to   space 23552K, 0% used [0x00000000e6280000,0x00000000e6280000,0x00000000e7980000)
 ParOldGen       total 77312K, used 27379K [0x0000000080000000, 0x0000000084b80000, 0x00000000d5580000)
  object space 77312K, 35% used [0x0000000080000000,0x0000000081abcec0,0x0000000084b80000)
 Metaspace       used 57019K, capacity 59128K, committed 59160K, reserved 1099776K
  class space    used 7720K, capacity 8229K, committed 8240K, reserved 1048576K
Event: 37.310 GC heap after
Heap after GC invocations=13 (full 3):
 PSYoungGen      total 295936K, used 0K [0x00000000d5580000, 0x00000000e9280000, 0x0000000100000000)
  eden space 275456K, 0% used [0x00000000d5580000,0x00000000d5580000,0x00000000e6280000)
  from space 20480K, 0% used [0x00000000e7980000,0x00000000e7980000,0x00000000e8d80000)
  to   space 23552K, 0% used [0x00000000e6280000,0x00000000e6280000,0x00000000e7980000)
 ParOldGen       total 116224K, used 33139K [0x0000000080000000, 0x0000000087180000, 0x00000000d5580000)
  object space 116224K, 28% used [0x0000000080000000,0x000000008205cc80,0x0000000087180000)
 Metaspace       used 57009K, capacity 59092K, committed 59160K, reserved 1099776K
  class space    used 7717K, capacity 8223K, committed 8240K, reserved 1048576K
}

