# JRE version: OpenJDK Runtime Environment (8.0_242-b01) (build 1.8.0_242-release-1644-b01)
# Java VM: OpenJDK 64-Bit Server VM (25.242-b01 mixed mode windows-amd64 compressed oops)
Heap:
 PSYoungGen      total 595968K, used 156260K [0x00000000d5580000, 0x0000000100000000, 0x0000000100000000)
  eden space 497664K, 11% used [0x00000000d5580000,0x00000000d8e1cd10,0x00000000f3b80000)
  from space 98304K, 99% used [0x00000000f3b80000,0x00000000f9b7c338,0x00000000f9b80000)
  to   space 102912K, 0% used [0x00000000f9b80000,0x00000000f9b80000,0x0000000100000000)
 ParOldGen       total 282624K, used 194460K [0x0000000080000000, 0x0000000091400000, 0x00000000d5580000)
  object space 282624K, 68% used [0x0000000080000000,0x000000008bde73b0,0x0000000091400000)
 Metaspace       used 171069K, capacity 178502K, committed 178712K, reserved 1204224K
  class space    used 21804K, capacity 23209K, committed 23336K, reserved 1048576K
GC Heap History (10 events):
Event: 120.981 GC heap before
{Heap before GC invocations=24 (full 5):
 PSYoungGen      total 563712K, used 56291K [0x00000000d5580000, 0x0000000100000000, 0x0000000100000000)
  eden space 507392K, 0% used [0x00000000d5580000,0x00000000d5580000,0x00000000f4500000)
  from space 56320K, 99% used [0x00000000f4500000,0x00000000f7bf8c08,0x00000000f7c00000)
  to   space 98816K, 0% used [0x00000000f9f80000,0x00000000f9f80000,0x0000000100000000)
 ParOldGen       total 203776K, used 203311K [0x0000000080000000, 0x000000008c700000, 0x00000000d5580000)
  object space 203776K, 99% used [0x0000000080000000,0x000000008c68bc08,0x000000008c700000)
 Metaspace       used 106343K, capacity 111816K, committed 112024K, reserved 1146880K
  class space    used 14010K, capacity 15011K, committed 15016K, reserved 1048576K
Event: 121.900 GC heap after
Heap after GC invocations=24 (full 5):
 PSYoungGen      total 563712K, used 0K [0x00000000d5580000, 0x0000000100000000, 0x0000000100000000)
  eden space 507392K, 0% used [0x00000000d5580000,0x00000000d5580000,0x00000000f4500000)
  from space 56320K, 0% used [0x00000000f4500000,0x00000000f4500000,0x00000000f7c00000)
  to   space 98816K, 0% used [0x00000000f9f80000,0x00000000f9f80000,0x0000000100000000)
 ParOldGen       total 282624K, used 144222K [0x0000000080000000, 0x0000000091400000, 0x00000000d5580000)
  object space 282624K, 51% used [0x0000000080000000,0x0000000088cd7ab8,0x0000000091400000)
 Metaspace       used 106217K, capacity 111466K, committed 112024K, reserved 1146880K
  class space    used 13966K, capacity 14934K, committed 15016K, reserved 1048576K
}
Event: 272.177 GC heap before
{Heap before GC invocations=25 (full 5):
 PSYoungGen      total 563712K, used 507392K [0x00000000d5580000, 0x0000000100000000, 0x0000000100000000)
  eden space 507392K, 100% used [0x00000000d5580000,0x00000000f4500000,0x00000000f4500000)
  from space 56320K, 0% used [0x00000000f4500000,0x00000000f4500000,0x00000000f7c00000)
  to   space 98816K, 0% used [0x00000000f9f80000,0x00000000f9f80000,0x0000000100000000)
 ParOldGen       total 282624K, used 144222K [0x0000000080000000, 0x0000000091400000, 0x00000000d5580000)
  object space 282624K, 51% used [0x0000000080000000,0x0000000088cd7ab8,0x0000000091400000)
 Metaspace       used 108433K, capacity 114172K, committed 114456K, reserved 1148928K
  class space    used 14234K, capacity 15289K, committed 15400K, reserved 1048576K
Event: 272.311 GC heap after
Heap after GC invocations=25 (full 5):
 PSYoungGen      total 606208K, used 33007K [0x00000000d5580000, 0x0000000100000000, 0x0000000100000000)
  eden space 507392K, 0% used [0x00000000d5580000,0x00000000d5580000,0x00000000f4500000)
  from space 98816K, 33% used [0x00000000f9f80000,0x00000000fbfbbfc0,0x0000000100000000)
  to   space 92672K, 0% used [0x00000000f4500000,0x00000000f4500000,0x00000000f9f80000)
 ParOldGen       total 282624K, used 144230K [0x0000000080000000, 0x0000000091400000, 0x00000000d5580000)
  object space 282624K, 51% used [0x0000000080000000,0x0000000088cd9ab8,0x0000000091400000)
 Metaspace       used 108433K, capacity 114172K, committed 114456K, reserved 1148928K
  class space    used 14234K, capacity 15289K, committed 15400K, reserved 1048576K
}
Event: 521.761 GC heap before
{Heap before GC invocations=26 (full 5):
 PSYoungGen      total 606208K, used 540399K [0x00000000d5580000, 0x0000000100000000, 0x0000000100000000)
  eden space 507392K, 100% used [0x00000000d5580000,0x00000000f4500000,0x00000000f4500000)
  from space 98816K, 33% used [0x00000000f9f80000,0x00000000fbfbbfc0,0x0000000100000000)
  to   space 92672K, 0% used [0x00000000f4500000,0x00000000f4500000,0x00000000f9f80000)
 ParOldGen       total 282624K, used 144230K [0x0000000080000000, 0x0000000091400000, 0x00000000d5580000)
  object space 282624K, 51% used [0x0000000080000000,0x0000000088cd9ab8,0x0000000091400000)
 Metaspace       used 117195K, capacity 123660K, committed 123928K, reserved 1157120K
  class space    used 15167K, capacity 16351K, committed 16424K, reserved 1048576K
Event: 521.857 GC heap after
Heap after GC invocations=26 (full 5):
 PSYoungGen      total 544256K, used 36377K [0x00000000d5580000, 0x00000000ff200000, 0x0000000100000000)
  eden space 507392K, 0% used [0x00000000d5580000,0x00000000d5580000,0x00000000f4500000)
  from space 36864K, 98% used [0x00000000f4500000,0x00000000f68867e8,0x00000000f6900000)
  to   space 88576K, 0% used [0x00000000f9b80000,0x00000000f9b80000,0x00000000ff200000)
 ParOldGen       total 282624K, used 159635K [0x0000000080000000, 0x0000000091400000, 0x00000000d5580000)
  object space 282624K, 56% used [0x0000000080000000,0x0000000089be4fd0,0x0000000091400000)
 Metaspace       used 117195K, capacity 123660K, committed 123928K, reserved 1157120K
  class space    used 15167K, capacity 16351K, committed 16424K, reserved 1048576K
}
Event: 550.312 GC heap before
{Heap before GC invocations=27 (full 5):
 PSYoungGen      total 544256K, used 543769K [0x00000000d5580000, 0x00000000ff200000, 0x0000000100000000)
  eden space 507392K, 100% used [0x00000000d5580000,0x00000000f4500000,0x00000000f4500000)
  from space 36864K, 98% used [0x00000000f4500000,0x00000000f68867e8,0x00000000f6900000)
  to   space 88576K, 0% used [0x00000000f9b80000,0x00000000f9b80000,0x00000000ff200000)
 ParOldGen       total 282624K, used 159635K [0x0000000080000000, 0x0000000091400000, 0x00000000d5580000)
  object space 282624K, 56% used [0x0000000080000000,0x0000000089be4fd0,0x0000000091400000)
 Metaspace       used 169222K, capacity 176474K, committed 176664K, reserved 1202176K
  class space    used 21633K, capacity 23035K, committed 23080K, reserved 1048576K
Event: 550.506 GC heap after
Heap after GC invocations=27 (full 5):
 PSYoungGen      total 586240K, used 73914K [0x00000000d5580000, 0x0000000100000000, 0x0000000100000000)
  eden space 497664K, 0% used [0x00000000d5580000,0x00000000d5580000,0x00000000f3b80000)
  from space 88576K, 83% used [0x00000000f9b80000,0x00000000fe3ae868,0x00000000ff200000)
  to   space 98304K, 0% used [0x00000000f3b80000,0x00000000f3b80000,0x00000000f9b80000)
 ParOldGen       total 282624K, used 174252K [0x0000000080000000, 0x0000000091400000, 0x00000000d5580000)
  object space 282624K, 61% used [0x0000000080000000,0x000000008aa2b000,0x0000000091400000)
 Metaspace       used 169222K, capacity 176474K, committed 176664K, reserved 1202176K
  class space    used 21633K, capacity 23035K, committed 23080K, reserved 1048576K
}
Event: 555.612 GC heap before
{Heap before GC invocations=28 (full 5):
 PSYoungGen      total 586240K, used 569417K [0x00000000d5580000, 0x0000000100000000, 0x0000000100000000)
  eden space 497664K, 99% used [0x00000000d5580000,0x00000000f3963d90,0x00000000f3b80000)
  from space 88576K, 83% used [0x00000000f9b80000,0x00000000fe3ae868,0x00000000ff200000)
  to   space 98304K, 0% used [0x00000000f3b80000,0x00000000f3b80000,0x00000000f9b80000)
 ParOldGen       total 282624K, used 174252K [0x0000000080000000, 0x0000000091400000, 0x00000000d5580000)
  object space 282624K, 61% used [0x0000000080000000,0x000000008aa2b000,0x0000000091400000)
 Metaspace       used 171055K, capacity 178502K, committed 178712K, reserved 1204224K
  class space    used 21804K, capacity 23209K, committed 23336K, reserved 1048576K
Event: 555.829 GC heap after
Heap after GC invocations=28 (full 5):
 PSYoungGen      total 595968K, used 98288K [0x00000000d5580000, 0x0000000100000000, 0x0000000100000000)
  eden space 497664K, 0% used [0x00000000d5580000,0x00000000d5580000,0x00000000f3b80000)
  from space 98304K, 99% used [0x00000000f3b80000,0x00000000f9b7c338,0x00000000f9b80000)
  to   space 102912K, 0% used [0x00000000f9b80000,0x00000000f9b80000,0x0000000100000000)
 ParOldGen       total 282624K, used 194460K [0x0000000080000000, 0x0000000091400000, 0x00000000d5580000)
  object space 282624K, 68% used [0x0000000080000000,0x000000008bde73b0,0x0000000091400000)
 Metaspace       used 171055K, capacity 178502K, committed 178712K, reserved 1204224K
  class space    used 21804K, capacity 23209K, committed 23336K, reserved 1048576K
}

