# JRE version: OpenJDK Runtime Environment (8.0_242-b01) (build 1.8.0_242-release-1644-b01)
# Java VM: OpenJDK 64-Bit Server VM (25.242-b01 mixed mode windows-amd64 compressed oops)
Heap:
 PSYoungGen      total 436736K, used 207772K [0x00000000d5580000, 0x00000000fc780000, 0x0000000100000000)
  eden space 383488K, 54% used [0x00000000d5580000,0x00000000e2067088,0x00000000ecc00000)
  from space 53248K, 0% used [0x00000000ecc00000,0x00000000ecc00000,0x00000000f0000000)
  to   space 90112K, 0% used [0x00000000f6f80000,0x00000000f6f80000,0x00000000fc780000)
 ParOldGen       total 317440K, used 167769K [0x0000000080000000, 0x0000000093600000, 0x00000000d5580000)
  object space 317440K, 52% used [0x0000000080000000,0x000000008a3d65b0,0x0000000093600000)
 Metaspace       used 152867K, capacity 159054K, committed 159768K, reserved 1187840K
  class space    used 19804K, capacity 21044K, committed 21296K, reserved 1048576K
GC Heap History (10 events):
Event: 145.418 GC heap before
{Heap before GC invocations=20 (full 3):
 PSYoungGen      total 362496K, used 105482K [0x00000000d5580000, 0x00000000ed900000, 0x0000000100000000)
  eden space 334848K, 25% used [0x00000000d5580000,0x00000000da8a6c08,0x00000000e9c80000)
  from space 27648K, 73% used [0x00000000eb980000,0x00000000ecd5bdb0,0x00000000ed480000)
  to   space 29696K, 0% used [0x00000000e9c80000,0x00000000e9c80000,0x00000000eb980000)
 ParOldGen       total 105984K, used 53927K [0x0000000080000000, 0x0000000086780000, 0x00000000d5580000)
  object space 105984K, 50% used [0x0000000080000000,0x00000000834a9d88,0x0000000086780000)
 Metaspace       used 93663K, capacity 98502K, committed 98600K, reserved 1134592K
  class space    used 12270K, capacity 13215K, committed 13232K, reserved 1048576K
Event: 145.539 GC heap after
Heap after GC invocations=20 (full 3):
 PSYoungGen      total 364544K, used 27115K [0x00000000d5580000, 0x00000000f2080000, 0x0000000100000000)
  eden space 334848K, 0% used [0x00000000d5580000,0x00000000d5580000,0x00000000e9c80000)
  from space 29696K, 91% used [0x00000000e9c80000,0x00000000eb6fae60,0x00000000eb980000)
  to   space 33280K, 0% used [0x00000000f0000000,0x00000000f0000000,0x00000000f2080000)
 ParOldGen       total 105984K, used 53935K [0x0000000080000000, 0x0000000086780000, 0x00000000d5580000)
  object space 105984K, 50% used [0x0000000080000000,0x00000000834abd88,0x0000000086780000)
 Metaspace       used 93663K, capacity 98502K, committed 98600K, reserved 1134592K
  class space    used 12270K, capacity 13215K, committed 13232K, reserved 1048576K
}
Event: 145.539 GC heap before
{Heap before GC invocations=21 (full 4):
 PSYoungGen      total 364544K, used 27115K [0x00000000d5580000, 0x00000000f2080000, 0x0000000100000000)
  eden space 334848K, 0% used [0x00000000d5580000,0x00000000d5580000,0x00000000e9c80000)
  from space 29696K, 91% used [0x00000000e9c80000,0x00000000eb6fae60,0x00000000eb980000)
  to   space 33280K, 0% used [0x00000000f0000000,0x00000000f0000000,0x00000000f2080000)
 ParOldGen       total 105984K, used 53935K [0x0000000080000000, 0x0000000086780000, 0x00000000d5580000)
  object space 105984K, 50% used [0x0000000080000000,0x00000000834abd88,0x0000000086780000)
 Metaspace       used 93663K, capacity 98502K, committed 98600K, reserved 1134592K
  class space    used 12270K, capacity 13215K, committed 13232K, reserved 1048576K
Event: 146.262 GC heap after
Heap after GC invocations=21 (full 4):
 PSYoungGen      total 364544K, used 0K [0x00000000d5580000, 0x00000000f2080000, 0x0000000100000000)
  eden space 334848K, 0% used [0x00000000d5580000,0x00000000d5580000,0x00000000e9c80000)
  from space 29696K, 0% used [0x00000000e9c80000,0x00000000e9c80000,0x00000000eb980000)
  to   space 33280K, 0% used [0x00000000f0000000,0x00000000f0000000,0x00000000f2080000)
 ParOldGen       total 166400K, used 69565K [0x0000000080000000, 0x000000008a280000, 0x00000000d5580000)
  object space 166400K, 41% used [0x0000000080000000,0x00000000843ef7e0,0x000000008a280000)
 Metaspace       used 93461K, capacity 97910K, committed 98600K, reserved 1134592K
  class space    used 12204K, capacity 13099K, committed 13232K, reserved 1048576K
}
Event: 166.225 GC heap before
{Heap before GC invocations=22 (full 4):
 PSYoungGen      total 364544K, used 334848K [0x00000000d5580000, 0x00000000f2080000, 0x0000000100000000)
  eden space 334848K, 100% used [0x00000000d5580000,0x00000000e9c80000,0x00000000e9c80000)
  from space 29696K, 0% used [0x00000000e9c80000,0x00000000e9c80000,0x00000000eb980000)
  to   space 33280K, 0% used [0x00000000f0000000,0x00000000f0000000,0x00000000f2080000)
 ParOldGen       total 166400K, used 69565K [0x0000000080000000, 0x000000008a280000, 0x00000000d5580000)
  object space 166400K, 41% used [0x0000000080000000,0x00000000843ef7e0,0x000000008a280000)
 Metaspace       used 132855K, capacity 138074K, committed 138648K, reserved 1169408K
  class space    used 17444K, capacity 18534K, committed 18608K, reserved 1048576K
Event: 166.442 GC heap after
Heap after GC invocations=22 (full 4):
 PSYoungGen      total 416768K, used 33253K [0x00000000d5580000, 0x00000000f4900000, 0x0000000100000000)
  eden space 383488K, 0% used [0x00000000d5580000,0x00000000d5580000,0x00000000ecc00000)
  from space 33280K, 99% used [0x00000000f0000000,0x00000000f2079740,0x00000000f2080000)
  to   space 53248K, 0% used [0x00000000ecc00000,0x00000000ecc00000,0x00000000f0000000)
 ParOldGen       total 166400K, used 108754K [0x0000000080000000, 0x000000008a280000, 0x00000000d5580000)
  object space 166400K, 65% used [0x0000000080000000,0x0000000086a34bb8,0x000000008a280000)
 Metaspace       used 132855K, capacity 138074K, committed 138648K, reserved 1169408K
  class space    used 17444K, capacity 18534K, committed 18608K, reserved 1048576K
}
Event: 192.638 GC heap before
{Heap before GC invocations=23 (full 4):
 PSYoungGen      total 416768K, used 416741K [0x00000000d5580000, 0x00000000f4900000, 0x0000000100000000)
  eden space 383488K, 100% used [0x00000000d5580000,0x00000000ecc00000,0x00000000ecc00000)
  from space 33280K, 99% used [0x00000000f0000000,0x00000000f2079740,0x00000000f2080000)
  to   space 53248K, 0% used [0x00000000ecc00000,0x00000000ecc00000,0x00000000f0000000)
 ParOldGen       total 166400K, used 108754K [0x0000000080000000, 0x000000008a280000, 0x00000000d5580000)
  object space 166400K, 65% used [0x0000000080000000,0x0000000086a34bb8,0x000000008a280000)
 Metaspace       used 152887K, capacity 159412K, committed 159768K, reserved 1187840K
  class space    used 19872K, capacity 21171K, committed 21296K, reserved 1048576K
Event: 193.019 GC heap after
Heap after GC invocations=23 (full 4):
 PSYoungGen      total 436736K, used 53227K [0x00000000d5580000, 0x00000000fc780000, 0x0000000100000000)
  eden space 383488K, 0% used [0x00000000d5580000,0x00000000d5580000,0x00000000ecc00000)
  from space 53248K, 99% used [0x00000000ecc00000,0x00000000efffae00,0x00000000f0000000)
  to   space 90112K, 0% used [0x00000000f6f80000,0x00000000f6f80000,0x00000000fc780000)
 ParOldGen       total 183296K, used 183164K [0x0000000080000000, 0x000000008b300000, 0x00000000d5580000)
  object space 183296K, 99% used [0x0000000080000000,0x000000008b2df398,0x000000008b300000)
 Metaspace       used 152887K, capacity 159412K, committed 159768K, reserved 1187840K
  class space    used 19872K, capacity 21171K, committed 21296K, reserved 1048576K
}
Event: 193.019 GC heap before
{Heap before GC invocations=24 (full 5):
 PSYoungGen      total 436736K, used 53227K [0x00000000d5580000, 0x00000000fc780000, 0x0000000100000000)
  eden space 383488K, 0% used [0x00000000d5580000,0x00000000d5580000,0x00000000ecc00000)
  from space 53248K, 99% used [0x00000000ecc00000,0x00000000efffae00,0x00000000f0000000)
  to   space 90112K, 0% used [0x00000000f6f80000,0x00000000f6f80000,0x00000000fc780000)
 ParOldGen       total 183296K, used 183164K [0x0000000080000000, 0x000000008b300000, 0x00000000d5580000)
  object space 183296K, 99% used [0x0000000080000000,0x000000008b2df398,0x000000008b300000)
 Metaspace       used 152887K, capacity 159412K, committed 159768K, reserved 1187840K
  class space    used 19872K, capacity 21171K, committed 21296K, reserved 1048576K
Event: 193.997 GC heap after
Heap after GC invocations=24 (full 5):
 PSYoungGen      total 436736K, used 0K [0x00000000d5580000, 0x00000000fc780000, 0x0000000100000000)
  eden space 383488K, 0% used [0x00000000d5580000,0x00000000d5580000,0x00000000ecc00000)
  from space 53248K, 0% used [0x00000000ecc00000,0x00000000ecc00000,0x00000000f0000000)
  to   space 90112K, 0% used [0x00000000f6f80000,0x00000000f6f80000,0x00000000fc780000)
 ParOldGen       total 317440K, used 167769K [0x0000000080000000, 0x0000000093600000, 0x00000000d5580000)
  object space 317440K, 52% used [0x0000000080000000,0x000000008a3d65b0,0x0000000093600000)
 Metaspace       used 152663K, capacity 158814K, committed 159768K, reserved 1187840K
  class space    used 19796K, capacity 21040K, committed 21296K, reserved 1048576K
}

