# JRE version: OpenJDK Runtime Environment (8.0_242-b01) (build 1.8.0_242-release-1644-b01)
# Java VM: OpenJDK 64-Bit Server VM (25.242-b01 mixed mode windows-amd64 compressed oops)
Heap:
 PSYoungGen      total 464896K, used 160640K [0x00000000d5580000, 0x00000000f9980000, 0x0000000100000000)
  eden space 431104K, 37% used [0x00000000d5580000,0x00000000df167b60,0x00000000efa80000)
  from space 33792K, 2% used [0x00000000f3880000,0x00000000f39785e0,0x00000000f5980000)
  to   space 63488K, 0% used [0x00000000efa80000,0x00000000efa80000,0x00000000f3880000)
 ParOldGen       total 279040K, used 155013K [0x0000000080000000, 0x0000000091080000, 0x00000000d5580000)
  object space 279040K, 55% used [0x0000000080000000,0x00000000897614a8,0x0000000091080000)
 Metaspace       used 100820K, capacity 105802K, committed 106136K, reserved 1140736K
  class space    used 13242K, capacity 14150K, committed 14256K, reserved 1048576K
GC Heap History (10 events):
Event: 541.974 GC heap before
{Heap before GC invocations=21 (full 3):
 PSYoungGen      total 348160K, used 70564K [0x00000000d5580000, 0x00000000ef280000, 0x0000000100000000)
  eden space 319488K, 13% used [0x00000000d5580000,0x00000000d7e6f658,0x00000000e8d80000)
  from space 28672K, 99% used [0x00000000e8d80000,0x00000000ea979b08,0x00000000ea980000)
  to   space 34816K, 0% used [0x00000000ed080000,0x00000000ed080000,0x00000000ef280000)
 ParOldGen       total 109568K, used 74494K [0x0000000080000000, 0x0000000086b00000, 0x00000000d5580000)
  object space 109568K, 67% used [0x0000000080000000,0x00000000848bf840,0x0000000086b00000)
 Metaspace       used 93895K, capacity 98582K, committed 98728K, reserved 1134592K
  class space    used 12329K, capacity 13240K, committed 13360K, reserved 1048576K
Event: 542.049 GC heap after
Heap after GC invocations=21 (full 3):
 PSYoungGen      total 387584K, used 21049K [0x00000000d5580000, 0x00000000f0e80000, 0x0000000100000000)
  eden space 352768K, 0% used [0x00000000d5580000,0x00000000d5580000,0x00000000eae00000)
  from space 34816K, 60% used [0x00000000ed080000,0x00000000ee50e5f8,0x00000000ef280000)
  to   space 35328K, 0% used [0x00000000eae00000,0x00000000eae00000,0x00000000ed080000)
 ParOldGen       total 109568K, used 86148K [0x0000000080000000, 0x0000000086b00000, 0x00000000d5580000)
  object space 109568K, 78% used [0x0000000080000000,0x0000000085421258,0x0000000086b00000)
 Metaspace       used 93895K, capacity 98582K, committed 98728K, reserved 1134592K
  class space    used 12329K, capacity 13240K, committed 13360K, reserved 1048576K
}
Event: 542.208 GC heap before
{Heap before GC invocations=22 (full 3):
 PSYoungGen      total 387584K, used 23319K [0x00000000d5580000, 0x00000000f0e80000, 0x0000000100000000)
  eden space 352768K, 0% used [0x00000000d5580000,0x00000000d57b77f0,0x00000000eae00000)
  from space 34816K, 60% used [0x00000000ed080000,0x00000000ee50e5f8,0x00000000ef280000)
  to   space 35328K, 0% used [0x00000000eae00000,0x00000000eae00000,0x00000000ed080000)
 ParOldGen       total 109568K, used 86148K [0x0000000080000000, 0x0000000086b00000, 0x00000000d5580000)
  object space 109568K, 78% used [0x0000000080000000,0x0000000085421258,0x0000000086b00000)
 Metaspace       used 94150K, capacity 98806K, committed 98932K, reserved 1134592K
  class space    used 12367K, capacity 13272K, committed 13360K, reserved 1048576K
Event: 542.259 GC heap after
Heap after GC invocations=22 (full 3):
 PSYoungGen      total 388096K, used 11882K [0x00000000d5580000, 0x00000000f5980000, 0x0000000100000000)
  eden space 352768K, 0% used [0x00000000d5580000,0x00000000d5580000,0x00000000eae00000)
  from space 35328K, 33% used [0x00000000eae00000,0x00000000eb99a810,0x00000000ed080000)
  to   space 33792K, 0% used [0x00000000f3880000,0x00000000f3880000,0x00000000f5980000)
 ParOldGen       total 109568K, used 93260K [0x0000000080000000, 0x0000000086b00000, 0x00000000d5580000)
  object space 109568K, 85% used [0x0000000080000000,0x0000000085b13220,0x0000000086b00000)
 Metaspace       used 94150K, capacity 98806K, committed 98932K, reserved 1134592K
  class space    used 12367K, capacity 13272K, committed 13360K, reserved 1048576K
}
Event: 542.260 GC heap before
{Heap before GC invocations=23 (full 4):
 PSYoungGen      total 388096K, used 11882K [0x00000000d5580000, 0x00000000f5980000, 0x0000000100000000)
  eden space 352768K, 0% used [0x00000000d5580000,0x00000000d5580000,0x00000000eae00000)
  from space 35328K, 33% used [0x00000000eae00000,0x00000000eb99a810,0x00000000ed080000)
  to   space 33792K, 0% used [0x00000000f3880000,0x00000000f3880000,0x00000000f5980000)
 ParOldGen       total 109568K, used 93260K [0x0000000080000000, 0x0000000086b00000, 0x00000000d5580000)
  object space 109568K, 85% used [0x0000000080000000,0x0000000085b13220,0x0000000086b00000)
 Metaspace       used 94150K, capacity 98806K, committed 98932K, reserved 1134592K
  class space    used 12367K, capacity 13272K, committed 13360K, reserved 1048576K
Event: 542.840 GC heap after
Heap after GC invocations=23 (full 4):
 PSYoungGen      total 388096K, used 0K [0x00000000d5580000, 0x00000000f5980000, 0x0000000100000000)
  eden space 352768K, 0% used [0x00000000d5580000,0x00000000d5580000,0x00000000eae00000)
  from space 35328K, 0% used [0x00000000eae00000,0x00000000eae00000,0x00000000ed080000)
  to   space 33792K, 0% used [0x00000000f3880000,0x00000000f3880000,0x00000000f5980000)
 ParOldGen       total 155136K, used 66933K [0x0000000080000000, 0x0000000089780000, 0x00000000d5580000)
  object space 155136K, 43% used [0x0000000080000000,0x000000008415d640,0x0000000089780000)
 Metaspace       used 93955K, capacity 98240K, committed 98932K, reserved 1134592K
  class space    used 12304K, capacity 13161K, committed 13360K, reserved 1048576K
}
Event: 556.588 GC heap before
{Heap before GC invocations=24 (full 4):
 PSYoungGen      total 388096K, used 352768K [0x00000000d5580000, 0x00000000f5980000, 0x0000000100000000)
  eden space 352768K, 100% used [0x00000000d5580000,0x00000000eae00000,0x00000000eae00000)
  from space 35328K, 0% used [0x00000000eae00000,0x00000000eae00000,0x00000000ed080000)
  to   space 33792K, 0% used [0x00000000f3880000,0x00000000f3880000,0x00000000f5980000)
 ParOldGen       total 155136K, used 66933K [0x0000000080000000, 0x0000000089780000, 0x00000000d5580000)
  object space 155136K, 43% used [0x0000000080000000,0x000000008415d640,0x0000000089780000)
 Metaspace       used 100747K, capacity 105838K, committed 106136K, reserved 1140736K
  class space    used 13266K, capacity 14206K, committed 14256K, reserved 1048576K
Event: 557.712 GC heap after
Heap after GC invocations=24 (full 4):
 PSYoungGen      total 464896K, used 33774K [0x00000000d5580000, 0x00000000f9980000, 0x0000000100000000)
  eden space 431104K, 0% used [0x00000000d5580000,0x00000000d5580000,0x00000000efa80000)
  from space 33792K, 99% used [0x00000000f3880000,0x00000000f597bb48,0x00000000f5980000)
  to   space 63488K, 0% used [0x00000000efa80000,0x00000000efa80000,0x00000000f3880000)
 ParOldGen       total 155136K, used 132693K [0x0000000080000000, 0x0000000089780000, 0x00000000d5580000)
  object space 155136K, 85% used [0x0000000080000000,0x0000000088195690,0x0000000089780000)
 Metaspace       used 100747K, capacity 105838K, committed 106136K, reserved 1140736K
  class space    used 13266K, capacity 14206K, committed 14256K, reserved 1048576K
}
Event: 557.712 GC heap before
{Heap before GC invocations=25 (full 5):
 PSYoungGen      total 464896K, used 33774K [0x00000000d5580000, 0x00000000f9980000, 0x0000000100000000)
  eden space 431104K, 0% used [0x00000000d5580000,0x00000000d5580000,0x00000000efa80000)
  from space 33792K, 99% used [0x00000000f3880000,0x00000000f597bb48,0x00000000f5980000)
  to   space 63488K, 0% used [0x00000000efa80000,0x00000000efa80000,0x00000000f3880000)
 ParOldGen       total 155136K, used 132693K [0x0000000080000000, 0x0000000089780000, 0x00000000d5580000)
  object space 155136K, 85% used [0x0000000080000000,0x0000000088195690,0x0000000089780000)
 Metaspace       used 100747K, capacity 105838K, committed 106136K, reserved 1140736K
  class space    used 13266K, capacity 14206K, committed 14256K, reserved 1048576K
Event: 562.033 GC heap after
Heap after GC invocations=25 (full 5):
 PSYoungGen      total 464896K, used 993K [0x00000000d5580000, 0x00000000f9980000, 0x0000000100000000)
  eden space 431104K, 0% used [0x00000000d5580000,0x00000000d5580000,0x00000000efa80000)
  from space 33792K, 2% used [0x00000000f3880000,0x00000000f39785e0,0x00000000f5980000)
  to   space 63488K, 0% used [0x00000000efa80000,0x00000000efa80000,0x00000000f3880000)
 ParOldGen       total 279040K, used 155013K [0x0000000080000000, 0x0000000091080000, 0x00000000d5580000)
  object space 279040K, 55% used [0x0000000080000000,0x00000000897614a8,0x0000000091080000)
 Metaspace       used 100643K, capacity 105556K, committed 106136K, reserved 1140736K
  class space    used 13230K, capacity 14141K, committed 14256K, reserved 1048576K
}

