# JRE version: OpenJDK Runtime Environment (8.0_242-b01) (build 1.8.0_242-release-1644-b01)
# Java VM: OpenJDK 64-Bit Server VM (25.242-b01 mixed mode windows-amd64 compressed oops)
Heap:
 PSYoungGen      total 617472K, used 143816K [0x00000000d5580000, 0x0000000100000000, 0x0000000100000000)
  eden space 567808K, 25% used [0x00000000d5580000,0x00000000de1f2390,0x00000000f8000000)
  from space 49664K, 0% used [0x00000000f8000000,0x00000000f8000000,0x00000000fb080000)
  to   space 70656K, 0% used [0x00000000fbb00000,0x00000000fbb00000,0x0000000100000000)
 ParOldGen       total 264704K, used 97981K [0x0000000080000000, 0x0000000090280000, 0x00000000d5580000)
  object space 264704K, 37% used [0x0000000080000000,0x0000000085faf4d8,0x0000000090280000)
 Metaspace       used 139165K, capacity 144492K, committed 144896K, reserved 1175552K
  class space    used 17797K, capacity 18852K, committed 18944K, reserved 1048576K
GC Heap History (10 events):
Event: 130.960 GC heap before
{Heap before GC invocations=16 (full 4):
 PSYoungGen      total 550912K, used 27428K [0x00000000d5580000, 0x00000000fb200000, 0x0000000100000000)
  eden space 517632K, 0% used [0x00000000d5580000,0x00000000d5580000,0x00000000f4f00000)
  from space 33280K, 82% used [0x00000000f7280000,0x00000000f8d490c8,0x00000000f9300000)
  to   space 36352K, 0% used [0x00000000f4f00000,0x00000000f4f00000,0x00000000f7280000)
 ParOldGen       total 121856K, used 49280K [0x0000000080000000, 0x0000000087700000, 0x00000000d5580000)
  object space 121856K, 40% used [0x0000000080000000,0x0000000083020158,0x0000000087700000)
 Metaspace       used 94460K, capacity 98226K, committed 98348K, reserved 1134592K
  class space    used 12363K, capacity 13094K, committed 13184K, reserved 1048576K
Event: 131.702 GC heap after
Heap after GC invocations=16 (full 4):
 PSYoungGen      total 550912K, used 0K [0x00000000d5580000, 0x00000000fb200000, 0x0000000100000000)
  eden space 517632K, 0% used [0x00000000d5580000,0x00000000d5580000,0x00000000f4f00000)
  from space 33280K, 0% used [0x00000000f7280000,0x00000000f7280000,0x00000000f9300000)
  to   space 36352K, 0% used [0x00000000f4f00000,0x00000000f4f00000,0x00000000f7280000)
 ParOldGen       total 190464K, used 68486K [0x0000000080000000, 0x000000008ba00000, 0x00000000d5580000)
  object space 190464K, 35% used [0x0000000080000000,0x00000000842e1bc8,0x000000008ba00000)
 Metaspace       used 94240K, capacity 97624K, committed 98348K, reserved 1134592K
  class space    used 12292K, capacity 12967K, committed 13184K, reserved 1048576K
}
Event: 145.560 GC heap before
{Heap before GC invocations=17 (full 4):
 PSYoungGen      total 550912K, used 517632K [0x00000000d5580000, 0x00000000fb200000, 0x0000000100000000)
  eden space 517632K, 100% used [0x00000000d5580000,0x00000000f4f00000,0x00000000f4f00000)
  from space 33280K, 0% used [0x00000000f7280000,0x00000000f7280000,0x00000000f9300000)
  to   space 36352K, 0% used [0x00000000f4f00000,0x00000000f4f00000,0x00000000f7280000)
 ParOldGen       total 190464K, used 68486K [0x0000000080000000, 0x000000008ba00000, 0x00000000d5580000)
  object space 190464K, 35% used [0x0000000080000000,0x00000000842e1bc8,0x000000008ba00000)
 Metaspace       used 98624K, capacity 102652K, committed 102784K, reserved 1138688K
  class space    used 12833K, capacity 13631K, committed 13696K, reserved 1048576K
Event: 146.197 GC heap after
Heap after GC invocations=17 (full 4):
 PSYoungGen      total 553984K, used 36334K [0x00000000d5580000, 0x0000000100000000, 0x0000000100000000)
  eden space 517632K, 0% used [0x00000000d5580000,0x00000000d5580000,0x00000000f4f00000)
  from space 36352K, 99% used [0x00000000f4f00000,0x00000000f727ba10,0x00000000f7280000)
  to   space 65536K, 0% used [0x00000000fc000000,0x00000000fc000000,0x0000000100000000)
 ParOldGen       total 190464K, used 132506K [0x0000000080000000, 0x000000008ba00000, 0x00000000d5580000)
  object space 190464K, 69% used [0x0000000080000000,0x0000000088166978,0x000000008ba00000)
 Metaspace       used 98624K, capacity 102652K, committed 102784K, reserved 1138688K
  class space    used 12833K, capacity 13631K, committed 13696K, reserved 1048576K
}
Event: 163.192 GC heap before
{Heap before GC invocations=18 (full 4):
 PSYoungGen      total 553984K, used 553966K [0x00000000d5580000, 0x0000000100000000, 0x0000000100000000)
  eden space 517632K, 100% used [0x00000000d5580000,0x00000000f4f00000,0x00000000f4f00000)
  from space 36352K, 99% used [0x00000000f4f00000,0x00000000f727ba10,0x00000000f7280000)
  to   space 65536K, 0% used [0x00000000fc000000,0x00000000fc000000,0x0000000100000000)
 ParOldGen       total 190464K, used 132506K [0x0000000080000000, 0x000000008ba00000, 0x00000000d5580000)
  object space 190464K, 69% used [0x0000000080000000,0x0000000088166978,0x000000008ba00000)
 Metaspace       used 100065K, capacity 104224K, committed 104448K, reserved 1140736K
  class space    used 13006K, capacity 13785K, committed 13824K, reserved 1048576K
Event: 163.338 GC heap after
Heap after GC invocations=18 (full 4):
 PSYoungGen      total 633344K, used 35367K [0x00000000d5580000, 0x0000000100000000, 0x0000000100000000)
  eden space 567808K, 0% used [0x00000000d5580000,0x00000000d5580000,0x00000000f8000000)
  from space 65536K, 53% used [0x00000000fc000000,0x00000000fe289e20,0x0000000100000000)
  to   space 65536K, 0% used [0x00000000f8000000,0x00000000f8000000,0x00000000fc000000)
 ParOldGen       total 190464K, used 132514K [0x0000000080000000, 0x000000008ba00000, 0x00000000d5580000)
  object space 190464K, 69% used [0x0000000080000000,0x0000000088168978,0x000000008ba00000)
 Metaspace       used 100065K, capacity 104224K, committed 104448K, reserved 1140736K
  class space    used 13006K, capacity 13785K, committed 13824K, reserved 1048576K
}
Event: 197.704 GC heap before
{Heap before GC invocations=19 (full 4):
 PSYoungGen      total 633344K, used 603175K [0x00000000d5580000, 0x0000000100000000, 0x0000000100000000)
  eden space 567808K, 100% used [0x00000000d5580000,0x00000000f8000000,0x00000000f8000000)
  from space 65536K, 53% used [0x00000000fc000000,0x00000000fe289e20,0x0000000100000000)
  to   space 65536K, 0% used [0x00000000f8000000,0x00000000f8000000,0x00000000fc000000)
 ParOldGen       total 190464K, used 132514K [0x0000000080000000, 0x000000008ba00000, 0x00000000d5580000)
  object space 190464K, 69% used [0x0000000080000000,0x0000000088168978,0x000000008ba00000)
 Metaspace       used 122856K, capacity 127929K, committed 128384K, reserved 1161216K
  class space    used 15654K, capacity 16647K, committed 16768K, reserved 1048576K
Event: 198.167 GC heap after
Heap after GC invocations=19 (full 4):
 PSYoungGen      total 617472K, used 49578K [0x00000000d5580000, 0x0000000100000000, 0x0000000100000000)
  eden space 567808K, 0% used [0x00000000d5580000,0x00000000d5580000,0x00000000f8000000)
  from space 49664K, 99% used [0x00000000f8000000,0x00000000fb06a970,0x00000000fb080000)
  to   space 70656K, 0% used [0x00000000fbb00000,0x00000000fbb00000,0x0000000100000000)
 ParOldGen       total 190464K, used 157335K [0x0000000080000000, 0x000000008ba00000, 0x00000000d5580000)
  object space 190464K, 82% used [0x0000000080000000,0x00000000899a5e00,0x000000008ba00000)
 Metaspace       used 122856K, capacity 127929K, committed 128384K, reserved 1161216K
  class space    used 15654K, capacity 16647K, committed 16768K, reserved 1048576K
}
Event: 198.167 GC heap before
{Heap before GC invocations=20 (full 5):
 PSYoungGen      total 617472K, used 49578K [0x00000000d5580000, 0x0000000100000000, 0x0000000100000000)
  eden space 567808K, 0% used [0x00000000d5580000,0x00000000d5580000,0x00000000f8000000)
  from space 49664K, 99% used [0x00000000f8000000,0x00000000fb06a970,0x00000000fb080000)
  to   space 70656K, 0% used [0x00000000fbb00000,0x00000000fbb00000,0x0000000100000000)
 ParOldGen       total 190464K, used 157335K [0x0000000080000000, 0x000000008ba00000, 0x00000000d5580000)
  object space 190464K, 82% used [0x0000000080000000,0x00000000899a5e00,0x000000008ba00000)
 Metaspace       used 122856K, capacity 127929K, committed 128384K, reserved 1161216K
  class space    used 15654K, capacity 16647K, committed 16768K, reserved 1048576K
Event: 198.889 GC heap after
Heap after GC invocations=20 (full 5):
 PSYoungGen      total 617472K, used 0K [0x00000000d5580000, 0x0000000100000000, 0x0000000100000000)
  eden space 567808K, 0% used [0x00000000d5580000,0x00000000d5580000,0x00000000f8000000)
  from space 49664K, 0% used [0x00000000f8000000,0x00000000f8000000,0x00000000fb080000)
  to   space 70656K, 0% used [0x00000000fbb00000,0x00000000fbb00000,0x0000000100000000)
 ParOldGen       total 264704K, used 97981K [0x0000000080000000, 0x0000000090280000, 0x00000000d5580000)
  object space 264704K, 37% used [0x0000000080000000,0x0000000085faf4d8,0x0000000090280000)
 Metaspace       used 122840K, capacity 127887K, committed 128384K, reserved 1161216K
  class space    used 15649K, capacity 16638K, committed 16768K, reserved 1048576K
}

