# JRE version: OpenJDK Runtime Environment (8.0_242-b01) (build 1.8.0_242-release-1644-b01)
# Java VM: OpenJDK 64-Bit Server VM (25.242-b01 mixed mode windows-amd64 compressed oops)
Heap:
 PSYoungGen      total 417280K, used 171520K [0x00000000d5580000, 0x00000000f5480000, 0x0000000100000000)
  eden space 340480K, 45% used [0x00000000d5580000,0x00000000dedd68c0,0x00000000ea200000)
  from space 76800K, 20% used [0x00000000ef380000,0x00000000f02a9830,0x00000000f3e80000)
  to   space 83456K, 0% used [0x00000000ea200000,0x00000000ea200000,0x00000000ef380000)
 ParOldGen       total 307712K, used 208847K [0x0000000080000000, 0x0000000092c80000, 0x00000000d5580000)
  object space 307712K, 67% used [0x0000000080000000,0x000000008cbf3ef0,0x0000000092c80000)
 Metaspace       used 151995K, capacity 157614K, committed 157848K, reserved 1185792K
  class space    used 19695K, capacity 20811K, committed 20904K, reserved 1048576K
GC Heap History (10 events):
Event: 76.589 GC heap before
{Heap before GC invocations=21 (full 4):
 PSYoungGen      total 340992K, used 340977K [0x00000000d5580000, 0x00000000ee900000, 0x0000000100000000)
  eden space 298496K, 100% used [0x00000000d5580000,0x00000000e7900000,0x00000000e7900000)
  from space 42496K, 99% used [0x00000000ead00000,0x00000000ed67c468,0x00000000ed680000)
  to   space 53248K, 0% used [0x00000000e7900000,0x00000000e7900000,0x00000000ead00000)
 ParOldGen       total 187392K, used 89011K [0x0000000080000000, 0x000000008b700000, 0x00000000d5580000)
  object space 187392K, 47% used [0x0000000080000000,0x00000000856ecf30,0x000000008b700000)
 Metaspace       used 134697K, capacity 139198K, committed 139288K, reserved 1169408K
  class space    used 17515K, capacity 18445K, committed 18472K, reserved 1048576K
Event: 76.800 GC heap after
Heap after GC invocations=21 (full 4):
 PSYoungGen      total 351744K, used 53217K [0x00000000d5580000, 0x00000000f3e80000, 0x0000000100000000)
  eden space 298496K, 0% used [0x00000000d5580000,0x00000000d5580000,0x00000000e7900000)
  from space 53248K, 99% used [0x00000000e7900000,0x00000000eacf8440,0x00000000ead00000)
  to   space 76800K, 0% used [0x00000000ef380000,0x00000000ef380000,0x00000000f3e80000)
 ParOldGen       total 187392K, used 127678K [0x0000000080000000, 0x000000008b700000, 0x00000000d5580000)
  object space 187392K, 68% used [0x0000000080000000,0x0000000087cafa48,0x000000008b700000)
 Metaspace       used 134697K, capacity 139198K, committed 139288K, reserved 1169408K
  class space    used 17515K, capacity 18445K, committed 18472K, reserved 1048576K
}
Event: 82.070 GC heap before
{Heap before GC invocations=22 (full 4):
 PSYoungGen      total 351744K, used 351713K [0x00000000d5580000, 0x00000000f3e80000, 0x0000000100000000)
  eden space 298496K, 100% used [0x00000000d5580000,0x00000000e7900000,0x00000000e7900000)
  from space 53248K, 99% used [0x00000000e7900000,0x00000000eacf8440,0x00000000ead00000)
  to   space 76800K, 0% used [0x00000000ef380000,0x00000000ef380000,0x00000000f3e80000)
 ParOldGen       total 187392K, used 127678K [0x0000000080000000, 0x000000008b700000, 0x00000000d5580000)
  object space 187392K, 68% used [0x0000000080000000,0x0000000087cafa48,0x000000008b700000)
 Metaspace       used 137078K, capacity 141830K, committed 141976K, reserved 1173504K
  class space    used 17832K, capacity 18791K, committed 18856K, reserved 1048576K
Event: 82.264 GC heap after
Heap after GC invocations=22 (full 4):
 PSYoungGen      total 417280K, used 58550K [0x00000000d5580000, 0x00000000f5480000, 0x0000000100000000)
  eden space 340480K, 0% used [0x00000000d5580000,0x00000000d5580000,0x00000000ea200000)
  from space 76800K, 76% used [0x00000000ef380000,0x00000000f2cadb40,0x00000000f3e80000)
  to   space 83456K, 0% used [0x00000000ea200000,0x00000000ea200000,0x00000000ef380000)
 ParOldGen       total 187392K, used 162619K [0x0000000080000000, 0x000000008b700000, 0x00000000d5580000)
  object space 187392K, 86% used [0x0000000080000000,0x0000000089ececb0,0x000000008b700000)
 Metaspace       used 137078K, capacity 141830K, committed 141976K, reserved 1173504K
  class space    used 17832K, capacity 18791K, committed 18856K, reserved 1048576K
}
Event: 82.264 GC heap before
{Heap before GC invocations=23 (full 5):
 PSYoungGen      total 417280K, used 58550K [0x00000000d5580000, 0x00000000f5480000, 0x0000000100000000)
  eden space 340480K, 0% used [0x00000000d5580000,0x00000000d5580000,0x00000000ea200000)
  from space 76800K, 76% used [0x00000000ef380000,0x00000000f2cadb40,0x00000000f3e80000)
  to   space 83456K, 0% used [0x00000000ea200000,0x00000000ea200000,0x00000000ef380000)
 ParOldGen       total 187392K, used 162619K [0x0000000080000000, 0x000000008b700000, 0x00000000d5580000)
  object space 187392K, 86% used [0x0000000080000000,0x0000000089ececb0,0x000000008b700000)
 Metaspace       used 137078K, capacity 141830K, committed 141976K, reserved 1173504K
  class space    used 17832K, capacity 18791K, committed 18856K, reserved 1048576K
Event: 83.300 GC heap after
Heap after GC invocations=23 (full 5):
 PSYoungGen      total 417280K, used 0K [0x00000000d5580000, 0x00000000f5480000, 0x0000000100000000)
  eden space 340480K, 0% used [0x00000000d5580000,0x00000000d5580000,0x00000000ea200000)
  from space 76800K, 0% used [0x00000000ef380000,0x00000000ef380000,0x00000000f3e80000)
  to   space 83456K, 0% used [0x00000000ea200000,0x00000000ea200000,0x00000000ef380000)
 ParOldGen       total 307712K, used 159882K [0x0000000080000000, 0x0000000092c80000, 0x00000000d5580000)
  object space 307712K, 51% used [0x0000000080000000,0x0000000089c22b70,0x0000000092c80000)
 Metaspace       used 137071K, capacity 141806K, committed 141976K, reserved 1173504K
  class space    used 17830K, capacity 18787K, committed 18856K, reserved 1048576K
}
Event: 87.432 GC heap before
{Heap before GC invocations=24 (full 5):
 PSYoungGen      total 417280K, used 340480K [0x00000000d5580000, 0x00000000f5480000, 0x0000000100000000)
  eden space 340480K, 100% used [0x00000000d5580000,0x00000000ea200000,0x00000000ea200000)
  from space 76800K, 0% used [0x00000000ef380000,0x00000000ef380000,0x00000000f3e80000)
  to   space 83456K, 0% used [0x00000000ea200000,0x00000000ea200000,0x00000000ef380000)
 ParOldGen       total 307712K, used 159882K [0x0000000080000000, 0x0000000092c80000, 0x00000000d5580000)
  object space 307712K, 51% used [0x0000000080000000,0x0000000089c22b70,0x0000000092c80000)
 Metaspace       used 137348K, capacity 142138K, committed 142232K, reserved 1173504K
  class space    used 17854K, capacity 18821K, committed 18856K, reserved 1048576K
Event: 87.612 GC heap after
Heap after GC invocations=24 (full 5):
 PSYoungGen      total 423936K, used 83434K [0x00000000d5580000, 0x00000000f5480000, 0x0000000100000000)
  eden space 340480K, 0% used [0x00000000d5580000,0x00000000d5580000,0x00000000ea200000)
  from space 83456K, 99% used [0x00000000ea200000,0x00000000ef37a958,0x00000000ef380000)
  to   space 76800K, 0% used [0x00000000ef380000,0x00000000ef380000,0x00000000f3e80000)
 ParOldGen       total 307712K, used 175404K [0x0000000080000000, 0x0000000092c80000, 0x00000000d5580000)
  object space 307712K, 57% used [0x0000000080000000,0x000000008ab4b2b8,0x0000000092c80000)
 Metaspace       used 137348K, capacity 142138K, committed 142232K, reserved 1173504K
  class space    used 17854K, capacity 18821K, committed 18856K, reserved 1048576K
}
Event: 618.364 GC heap before
{Heap before GC invocations=25 (full 5):
 PSYoungGen      total 423936K, used 423914K [0x00000000d5580000, 0x00000000f5480000, 0x0000000100000000)
  eden space 340480K, 100% used [0x00000000d5580000,0x00000000ea200000,0x00000000ea200000)
  from space 83456K, 99% used [0x00000000ea200000,0x00000000ef37a958,0x00000000ef380000)
  to   space 76800K, 0% used [0x00000000ef380000,0x00000000ef380000,0x00000000f3e80000)
 ParOldGen       total 307712K, used 175404K [0x0000000080000000, 0x0000000092c80000, 0x00000000d5580000)
  object space 307712K, 57% used [0x0000000080000000,0x000000008ab4b2b8,0x0000000092c80000)
 Metaspace       used 144143K, capacity 149438K, committed 149656K, reserved 1179648K
  class space    used 18697K, capacity 19781K, committed 19880K, reserved 1048576K
Event: 618.528 GC heap after
Heap after GC invocations=25 (full 5):
 PSYoungGen      total 417280K, used 15526K [0x00000000d5580000, 0x00000000f5480000, 0x0000000100000000)
  eden space 340480K, 0% used [0x00000000d5580000,0x00000000d5580000,0x00000000ea200000)
  from space 76800K, 20% used [0x00000000ef380000,0x00000000f02a9830,0x00000000f3e80000)
  to   space 83456K, 0% used [0x00000000ea200000,0x00000000ea200000,0x00000000ef380000)
 ParOldGen       total 307712K, used 208847K [0x0000000080000000, 0x0000000092c80000, 0x00000000d5580000)
  object space 307712K, 67% used [0x0000000080000000,0x000000008cbf3ef0,0x0000000092c80000)
 Metaspace       used 144143K, capacity 149438K, committed 149656K, reserved 1179648K
  class space    used 18697K, capacity 19781K, committed 19880K, reserved 1048576K
}

